2017-01-01 00:00:00 Launching analysis for df9376a8a02e2ecf031e8a955721c756 with LEAN Engine v2.5.0.0.14221
2017-01-03 09:31:00 IBM   170127C00167500: The security does not have an accurate price as it has not yet received a bar of data. Before placing a trade (or using SetHoldings) warm up your algorithm with SetWarmup, or use slice.Contains(symbol) to confirm the Slice object has price before using the data. Data does not necessarily all arrive at the same time so your algorithm should confirm the data is ready before using it. In live trading this can mean you do not have an active subscription to the asset class you're trying to trade. If using custom data make sure you've set the 'Value' property.
2017-01-03 09:31:00 Time: 01/03/2017 14:31:00 OrderID: 1 EventID: 1 Symbol: IBM Status: Submitted Quantity: 100
2017-01-03 09:31:00 Time: 01/03/2017 14:31:00 OrderID: 1 EventID: 2 Symbol: IBM Status: Filled Quantity: 100 FillQuantity: 100 FillPrice: 167.32 USD OrderFee: 1 USD
# 2017-01-03 09:31:00 MARKETORDER IBM — 100


# 2017-01-03 09:31:00 ADD_CONTRACT IBM   170127C00167500


# 2017-01-03 09:31:00 SELL IBM   170127C00167500
2017-01-03 09:32:00 Time: 01/03/2017 14:32:00 OrderID: 2 EventID: 1 Symbol: IBM   170127C00167500 Status: Submitted Quantity: -1 IsAssignment: False
2017-01-03 09:32:00 Time: 01/03/2017 14:32:00 OrderID: 2 EventID: 2 Symbol: IBM   170127C00167500 Status: Filled Quantity: -1 FillQuantity: -1 FillPrice: 3.75 USD OrderFee: 1 USD IsAssignment: False
# 2017-01-03 09:32:00 SELL IBM   170127C00167500


2017-01-28 00:00:00 IBM   170224C00177500: The security does not have an accurate price as it has not yet received a bar of data. Before placing a trade (or using SetHoldings) warm up your algorithm with SetWarmup, or use slice.Contains(symbol) to confirm the Slice object has price before using the data. Data does not necessarily all arrive at the same time so your algorithm should confirm the data is ready before using it. In live trading this can mean you do not have an active subscription to the asset class you're trying to trade. If using custom data make sure you've set the 'Value' property.
2017-01-28 00:00:00 Time: 01/28/2017 05:00:00 OrderID: 3 EventID: 1 Symbol: IBM   170127C00167500 Status: Filled Quantity: 1 FillQuantity: 1 FillPrice: 0  Message: Automatic Assignment IsAssignment: True
2017-01-28 00:00:00 Time: 01/28/2017 05:00:00 OrderID: 3 EventID: 2 Symbol: IBM Status: Filled Quantity: 1 FillQuantity: -100 FillPrice: 167.5  Message: Option Assignment
2017-01-28 00:00:00 Time: 01/28/2017 05:00:00 OrderID: 4 EventID: 1 Symbol: IBM Status: Submitted Quantity: 100
*2017-01-28 00:00:00 MARKETORDER IBM — 100


*2017-01-28 00:00:00 ADD_CONTRACT IBM   170224C00177500


*2017-01-28 00:00:00 SELL IBM   170224C00177500
2017-01-30 09:31:00 Time: 01/30/2017 14:31:00 OrderID: 4 EventID: 2 Symbol: IBM Status: Filled Quantity: 100 FillQuantity: 100 FillPrice: 176.92 USD OrderFee: 1 USD
2017-01-30 09:31:00 Time: 01/30/2017 14:31:00 OrderID: 5 EventID: 1 Symbol: IBM   170224C00177500 Status: Submitted Quantity: -1 IsAssignment: False
2017-01-30 09:31:00 Time: 01/30/2017 14:31:00 OrderID: 5 EventID: 2 Symbol: IBM   170224C00177500 Status: Filled Quantity: -1 FillQuantity: -1 FillPrice: 1.78 USD OrderFee: 1 USD IsAssignment: False
*2017-01-30 09:31:00 SELL IBM   170224C00177500
2017-02-25 00:00:00 IBM   170324C00182500: The security does not have an accurate price as it has not yet received a bar of data. Before placing a trade (or using SetHoldings) warm up your algorithm with SetWarmup, or use slice.Contains(symbol) to confirm the Slice object has price before using the data. Data does not necessarily all arrive at the same time so your algorithm should confirm the data is ready before using it. In live trading this can mean you do not have an active subscription to the asset class you're trying to trade. If using custom data make sure you've set the 'Value' property.
2017-02-25 00:00:00 Time: 02/25/2017 05:00:00 OrderID: 6 EventID: 1 Symbol: IBM   170224C00177500 Status: Filled Quantity: 1 FillQuantity: 1 FillPrice: 0  Message: Automatic Assignment IsAssignment: True
2017-02-25 00:00:00 Time: 02/25/2017 05:00:00 OrderID: 6 EventID: 2 Symbol: IBM Status: Filled Quantity: 1 FillQuantity: -100 FillPrice: 177.5  Message: Option Assignment
2017-02-25 00:00:00 Time: 02/25/2017 05:00:00 OrderID: 7 EventID: 1 Symbol: IBM Status: Submitted Quantity: 100
*2017-02-25 00:00:00 MARKETORDER IBM — 100


*2017-02-25 00:00:00 ADD_CONTRACT IBM   170324C00182500


*2017-02-25 00:00:00 SELL IBM   170324C00182500
2017-02-27 09:31:00 Time: 02/27/2017 14:31:00 OrderID: 7 EventID: 2 Symbol: IBM Status: Filled Quantity: 100 FillQuantity: 100 FillPrice: 181.19 USD OrderFee: 1 USD
2017-02-27 09:31:00 Time: 02/27/2017 14:31:00 OrderID: 8 EventID: 1 Symbol: IBM   170324C00182500 Status: Submitted Quantity: -1 IsAssignment: False
2017-02-27 09:31:00 Time: 02/27/2017 14:31:00 OrderID: 8 EventID: 2 Symbol: IBM   170324C00182500 Status: Filled Quantity: -1 FillQuantity: -1 FillPrice: 2.13 USD OrderFee: 1 USD IsAssignment: False
2017-02-27 09:31:00 SELL IBM   170324C00182500
2017-03-25 00:00:00 The security with symbol 'IBM   170324C00182500' is marked as non-tradable.
2017-03-25 00:00:00 Time: 03/25/2017 04:00:00 OrderID: 9 EventID: 1 Symbol: IBM   170324C00182500 Status: Filled Quantity: 1 FillQuantity: 1 FillPrice: 0  Message: OTM IsAssignment: False
2017-03-25 00:00:00 SELL IBM   170324C00182500
2017-03-27 09:31:00 SELL IBM   170324C00182500
2017-03-27 09:32:00 SELL IBM   170324C00182500
2017-03-27 09:33:00 SELL IBM   170324C00182500
2017-03-27 09:34:00 SELL IBM   170324C00182500
2017-03-27 09:35:00 SELL IBM   170324C00182500
2017-03-27 09:36:00 SELL IBM   170324C00182500
2017-03-27 09:37:00 SELL IBM   170324C00182500
2017-03-27 09:38:00 SELL IBM   170324C00182500
2017-03-27 09:39:00 SELL IBM   170324C00182500
2017-03-27 09:40:00 SELL IBM   170324C00182500
2017-03-27 09:41:00 SELL IBM   170324C00182500
2017-03-27 09:42:00 SELL IBM   170324C00182500
2017-03-27 09:43:00 SELL IBM   170324C00182500
2017-03-27 09:44:00 SELL IBM   170324C00182500
2017-03-27 09:45:00 SELL IBM   170324C00182500
2017-03-27 09:46:00 SELL IBM   170324C00182500
2017-03-27 09:47:00 SELL IBM   170324C00182500
2017-03-27 09:48:00 SELL IBM   170324C00182500
2017-03-27 09:49:00 SELL IBM   170324C00182500
2017-03-27 09:50:00 SELL IBM   170324C00182500
2017-03-27 09:51:00 SELL IBM   170324C00182500
2017-03-27 09:52:00 SELL IBM   170324C00182500
2017-03-27 09:53:00 SELL IBM   170324C00182500
2017-03-27 09:54:00 SELL IBM   170324C00182500
2017-03-27 09:55:00 SELL IBM   170324C00182500
2017-03-27 09:56:00 SELL IBM   170324C00182500
2017-03-27 09:57:00 SELL IBM   170324C00182500
2017-03-27 09:58:00 SELL IBM   170324C00182500
2017-03-27 09:59:00 SELL IBM   170324C00182500
2017-03-27 10:00:00 SELL IBM   170324C00182500
2017-03-27 10:01:00 SELL IBM   170324C00182500
2017-03-27 10:02:00 SELL IBM   170324C00182500
2017-03-27 10:03:00 SELL IBM   170324C00182500
2017-03-27 10:04:00 SELL IBM   170324C00182500
2017-03-27 10:05:00 SELL IBM   170324C00182500
2017-03-27 10:06:00 SELL IBM   170324C00182500
2017-03-27 10:07:00 SELL IBM   170324C00182500
2017-03-27 10:08:00 SELL IBM   170324C00182500
2017-03-27 10:09:00 SELL IBM   170324C00182500
2017-03-27 10:10:00 SELL IBM   170324C00182500
2017-03-27 10:11:00 SELL IBM   170324C00182500
2017-03-27 10:12:00 SELL IBM   170324C00182500
2017-03-27 10:13:00 SELL IBM   170324C00182500
2017-03-27 10:14:00 SELL IBM   170324C00182500
2017-03-27 10:15:00 SELL IBM   170324C00182500
2017-03-27 10:16:00 SELL IBM   170324C00182500
2017-03-27 10:17:00 SELL IBM   170324C00182500
2017-03-27 10:18:00 SELL IBM   170324C00182500
2017-03-27 10:19:00 SELL IBM   170324C00182500
2017-03-27 10:20:00 SELL IBM   170324C00182500
2017-03-27 10:21:00 SELL IBM   170324C00182500
2017-03-27 10:22:00 SELL IBM   170324C00182500
2017-03-27 10:23:00 SELL IBM   170324C00182500
2017-03-27 10:24:00 SELL IBM   170324C00182500
2017-03-27 10:25:00 SELL IBM   170324C00182500
2017-03-27 10:26:00 SELL IBM   170324C00182500
2017-03-27 10:27:00 SELL IBM   170324C00182500
2017-03-27 10:28:00 SELL IBM   170324C00182500
2017-03-27 10:29:00 SELL IBM   170324C00182500
2017-03-27 10:30:00 SELL IBM   170324C00182500
2017-03-27 10:31:00 SELL IBM   170324C00182500
2017-03-27 10:32:00 SELL IBM   170324C00182500
2017-03-27 10:33:00 SELL IBM   170324C00182500
2017-03-27 10:34:00 SELL IBM   170324C00182500
2017-03-27 10:35:00 SELL IBM   170324C00182500
2017-03-27 10:36:00 SELL IBM   170324C00182500
2017-03-27 10:37:00 SELL IBM   170324C00182500
2017-03-27 10:38:00 SELL IBM   170324C00182500
2017-03-27 10:39:00 SELL IBM   170324C00182500
2017-03-27 10:40:00 SELL IBM   170324C00182500
2017-03-27 10:41:00 SELL IBM   170324C00182500
2017-03-27 10:42:00 SELL IBM   170324C00182500
2017-03-27 10:43:00 SELL IBM   170324C00182500
2017-03-27 10:44:00 SELL IBM   170324C00182500
2017-03-27 10:45:00 SELL IBM   170324C00182500
2017-03-27 10:46:00 SELL IBM   170324C00182500
2017-03-27 10:47:00 SELL IBM   170324C00182500
2017-03-27 10:48:00 SELL IBM   170324C00182500
2017-03-27 10:49:00 SELL IBM   170324C00182500
2017-03-27 10:50:00 SELL IBM   170324C00182500
2017-03-27 10:51:00 SELL IBM   170324C00182500
2017-03-27 10:52:00 SELL IBM   170324C00182500
2017-03-27 10:53:00 SELL IBM   170324C00182500
2017-03-27 10:54:00 SELL IBM   170324C00182500
2017-03-27 10:55:00 SELL IBM   170324C00182500
2017-03-27 10:56:00 SELL IBM   170324C00182500
2017-03-27 10:57:00 SELL IBM   170324C00182500
2017-03-27 10:58:00 SELL IBM   170324C00182500
2017-03-27 10:59:00 SELL IBM   170324C00182500
2017-03-27 11:00:00 SELL IBM   170324C00182500
2017-03-27 11:01:00 SELL IBM   170324C00182500
2017-03-27 11:02:00 SELL IBM   170324C00182500
2017-03-27 11:03:00 SELL IBM   170324C00182500
2017-03-27 11:04:00 SELL IBM   170324C00182500
2017-03-27 11:05:00 SELL IBM   170324C00182500
2017-03-27 11:06:00 SELL IBM   170324C00182500
2017-03-27 11:07:00 SELL IBM   170324C00182500
2017-03-27 11:08:00 SELL IBM   170324C00182500
2017-03-27 11:09:00 SELL IBM   170324C00182500
2017-03-27 11:10:00 SELL IBM   170324C00182500
2017-03-27 11:11:00 SELL IBM   170324C00182500
2017-03-27 11:12:00 SELL IBM   170324C00182500
2017-03-27 11:13:00 SELL IBM   170324C00182500
2017-03-27 11:14:00 SELL IBM   170324C00182500
2017-03-27 11:15:00 SELL IBM   170324C00182500
2017-03-27 11:16:00 SELL IBM   170324C00182500
2017-03-27 11:17:00 SELL IBM   170324C00182500
2017-03-27 11:18:00 SELL IBM   170324C00182500
2017-03-27 11:19:00 SELL IBM   170324C00182500
2017-03-27 11:20:00 SELL IBM   170324C00182500
2017-03-27 11:21:00 SELL IBM   170324C00182500
2017-03-27 11:22:00 SELL IBM   170324C00182500
2017-03-27 11:23:00 SELL IBM   170324C00182500
2017-03-27 11:24:00 SELL IBM   170324C00182500
2017-03-27 11:25:00 SELL IBM   170324C00182500
2017-03-27 11:26:00 SELL IBM   170324C00182500
2017-03-27 11:27:00 SELL IBM   170324C00182500
2017-03-27 11:28:00 SELL IBM   170324C00182500
2017-03-27 11:29:00 SELL IBM   170324C00182500
2017-03-27 11:30:00 SELL IBM   170324C00182500
2017-03-27 11:31:00 SELL IBM   170324C00182500
2017-03-27 11:32:00 SELL IBM   170324C00182500
2017-03-27 11:33:00 SELL IBM   170324C00182500
2017-03-27 11:34:00 SELL IBM   170324C00182500
2017-03-27 11:35:00 SELL IBM   170324C00182500
2017-03-27 11:36:00 SELL IBM   170324C00182500
2017-03-27 11:37:00 SELL IBM   170324C00182500
2017-03-27 11:38:00 SELL IBM   170324C00182500
2017-03-27 11:39:00 SELL IBM   170324C00182500
2017-03-27 11:40:00 SELL IBM   170324C00182500
2017-03-27 11:41:00 SELL IBM   170324C00182500
2017-03-27 11:42:00 SELL IBM   170324C00182500
2017-03-27 11:43:00 SELL IBM   170324C00182500
2017-03-27 11:44:00 SELL IBM   170324C00182500
2017-03-27 11:45:00 SELL IBM   170324C00182500
2017-03-27 11:46:00 SELL IBM   170324C00182500
2017-03-27 11:47:00 SELL IBM   170324C00182500
2017-03-27 11:48:00 SELL IBM   170324C00182500
2017-03-27 11:49:00 SELL IBM   170324C00182500
2017-03-27 11:50:00 SELL IBM   170324C00182500
2017-03-27 11:51:00 SELL IBM   170324C00182500
2017-03-27 11:52:00 SELL IBM   170324C00182500
2017-03-27 11:53:00 SELL IBM   170324C00182500
2017-03-27 11:54:00 SELL IBM   170324C00182500
2017-03-27 11:55:00 SELL IBM   170324C00182500
2017-03-27 11:56:00 SELL IBM   170324C00182500
2017-03-27 11:57:00 SELL IBM   170324C00182500
2017-03-27 11:58:00 SELL IBM   170324C00182500
2017-03-27 11:59:00 SELL IBM   170324C00182500
2017-03-27 12:00:00 SELL IBM   170324C00182500
2017-03-27 12:01:00 SELL IBM   170324C00182500
2017-03-27 12:02:00 SELL IBM   170324C00182500
2017-03-27 12:03:00 SELL IBM   170324C00182500
2017-03-27 12:04:00 SELL IBM   170324C00182500
2017-03-27 12:05:00 SELL IBM   170324C00182500
2017-03-27 12:06:00 SELL IBM   170324C00182500
2017-03-27 12:07:00 SELL IBM   170324C00182500
2017-03-27 12:08:00 SELL IBM   170324C00182500
2017-03-27 12:09:00 SELL IBM   170324C00182500
2017-03-27 12:10:00 SELL IBM   170324C00182500
2017-03-27 12:11:00 SELL IBM   170324C00182500
2017-03-27 12:12:00 SELL IBM   170324C00182500
2017-03-27 12:13:00 SELL IBM   170324C00182500
2017-03-27 12:14:00 SELL IBM   170324C00182500
2017-03-27 12:15:00 SELL IBM   170324C00182500
2017-03-27 12:16:00 SELL IBM   170324C00182500
2017-03-27 12:17:00 SELL IBM   170324C00182500
2017-03-27 12:18:00 SELL IBM   170324C00182500
2017-03-27 12:19:00 SELL IBM   170324C00182500
2017-03-27 12:20:00 SELL IBM   170324C00182500
2017-03-27 12:21:00 SELL IBM   170324C00182500
2017-03-27 12:22:00 SELL IBM   170324C00182500
2017-03-27 12:23:00 SELL IBM   170324C00182500
2017-03-27 12:24:00 SELL IBM   170324C00182500
2017-03-27 12:25:00 SELL IBM   170324C00182500
2017-03-27 12:26:00 SELL IBM   170324C00182500
2017-03-27 12:27:00 SELL IBM   170324C00182500
2017-03-27 12:28:00 SELL IBM   170324C00182500
2017-03-27 12:29:00 SELL IBM   170324C00182500
2017-03-27 12:30:00 SELL IBM   170324C00182500
2017-03-27 12:31:00 SELL IBM   170324C00182500
2017-03-27 12:32:00 SELL IBM   170324C00182500
2017-03-27 12:33:00 SELL IBM   170324C00182500
2017-03-27 12:34:00 SELL IBM   170324C00182500
2017-03-27 12:35:00 SELL IBM   170324C00182500
2017-03-27 12:36:00 SELL IBM   170324C00182500
2017-03-27 12:37:00 SELL IBM   170324C00182500
2017-03-27 12:38:00 SELL IBM   170324C00182500
2017-03-27 12:39:00 SELL IBM   170324C00182500
2017-03-27 12:40:00 SELL IBM   170324C00182500
2017-03-27 12:41:00 SELL IBM   170324C00182500
2017-03-27 12:42:00 SELL IBM   170324C00182500
2017-03-27 12:43:00 SELL IBM   170324C00182500
2017-03-27 12:44:00 SELL IBM   170324C00182500
2017-03-27 12:45:00 SELL IBM   170324C00182500
2017-03-27 12:46:00 SELL IBM   170324C00182500
2017-03-27 12:47:00 SELL IBM   170324C00182500
2017-03-27 12:48:00 SELL IBM   170324C00182500
2017-03-27 12:49:00 SELL IBM   170324C00182500
2017-03-27 12:50:00 SELL IBM   170324C00182500
2017-03-27 12:51:00 SELL IBM   170324C00182500
2017-03-27 12:52:00 SELL IBM   170324C00182500
2017-03-27 12:53:00 SELL IBM   170324C00182500
2017-03-27 12:54:00 SELL IBM   170324C00182500
2017-03-27 12:55:00 SELL IBM   170324C00182500
2017-03-27 12:56:00 SELL IBM   170324C00182500
2017-03-27 12:57:00 SELL IBM   170324C00182500
2017-03-27 12:58:00 SELL IBM   170324C00182500
2017-03-27 12:59:00 SELL IBM   170324C00182500
2017-03-27 13:00:00 SELL IBM   170324C00182500
2017-03-27 13:01:00 SELL IBM   170324C00182500
2017-03-27 13:02:00 SELL IBM   170324C00182500
2017-03-27 13:03:00 SELL IBM   170324C00182500
2017-03-27 13:04:00 SELL IBM   170324C00182500
2017-03-27 13:05:00 SELL IBM   170324C00182500
2017-03-27 13:06:00 SELL IBM   170324C00182500
2017-03-27 13:07:00 SELL IBM   170324C00182500
2017-03-27 13:08:00 SELL IBM   170324C00182500
2017-03-27 13:09:00 SELL IBM   170324C00182500
2017-03-27 13:10:00 SELL IBM   170324C00182500
2017-03-27 13:11:00 SELL IBM   170324C00182500
2017-03-27 13:12:00 SELL IBM   170324C00182500
2017-03-27 13:13:00 SELL IBM   170324C00182500
2017-03-27 13:14:00 SELL IBM   170324C00182500
2017-03-27 13:15:00 SELL IBM   170324C00182500
2017-03-27 13:16:00 SELL IBM   170324C00182500
2017-03-27 13:17:00 SELL IBM   170324C00182500
2017-03-27 13:18:00 SELL IBM   170324C00182500
2017-03-27 13:19:00 SELL IBM   170324C00182500
2017-03-27 13:20:00 SELL IBM   170324C00182500
2017-03-27 13:21:00 SELL IBM   170324C00182500
2017-03-27 13:22:00 SELL IBM   170324C00182500
2017-03-27 13:23:00 SELL IBM   170324C00182500
2017-03-27 13:24:00 SELL IBM   170324C00182500
2017-03-27 13:25:00 SELL IBM   170324C00182500
2017-03-27 13:26:00 SELL IBM   170324C00182500
2017-03-27 13:27:00 SELL IBM   170324C00182500
2017-03-27 13:28:00 SELL IBM   170324C00182500
2017-03-27 13:29:00 SELL IBM   170324C00182500
2017-03-27 13:30:00 SELL IBM   170324C00182500
2017-03-27 13:31:00 SELL IBM   170324C00182500
2017-03-27 13:32:00 SELL IBM   170324C00182500
2017-03-27 13:33:00 SELL IBM   170324C00182500
2017-03-27 13:34:00 SELL IBM   170324C00182500
2017-03-27 13:35:00 SELL IBM   170324C00182500
2017-03-27 13:36:00 SELL IBM   170324C00182500
2017-03-27 13:37:00 SELL IBM   170324C00182500
2017-03-27 13:38:00 SELL IBM   170324C00182500
2017-03-27 13:39:00 SELL IBM   170324C00182500
2017-03-27 13:40:00 SELL IBM   170324C00182500
2017-03-27 13:41:00 SELL IBM   170324C00182500
2017-03-27 13:42:00 SELL IBM   170324C00182500
2017-03-27 13:43:00 SELL IBM   170324C00182500
2017-03-27 13:44:00 SELL IBM   170324C00182500
2017-03-27 13:45:00 SELL IBM   170324C00182500
2017-03-27 13:46:00 SELL IBM   170324C00182500
2017-03-27 13:47:00 SELL IBM   170324C00182500
2017-03-27 13:48:00 SELL IBM   170324C00182500
2017-03-27 13:49:00 SELL IBM   170324C00182500
2017-03-27 13:50:00 SELL IBM   170324C00182500
2017-03-27 13:51:00 SELL IBM   170324C00182500
2017-03-27 13:52:00 SELL IBM   170324C00182500
2017-03-27 13:53:00 SELL IBM   170324C00182500
2017-03-27 13:54:00 SELL IBM   170324C00182500
2017-03-27 13:55:00 SELL IBM   170324C00182500
2017-03-27 13:56:00 SELL IBM   170324C00182500
2017-03-27 13:57:00 SELL IBM   170324C00182500
2017-03-27 13:58:00 SELL IBM   170324C00182500
2017-03-27 13:59:00 SELL IBM   170324C00182500
2017-03-27 14:00:00 SELL IBM   170324C00182500
2017-03-27 14:01:00 SELL IBM   170324C00182500
2017-03-27 14:02:00 SELL IBM   170324C00182500
2017-03-27 14:03:00 SELL IBM   170324C00182500
2017-03-27 14:04:00 SELL IBM   170324C00182500
2017-03-27 14:05:00 SELL IBM   170324C00182500
2017-03-27 14:06:00 SELL IBM   170324C00182500
2017-03-27 14:07:00 SELL IBM   170324C00182500
2017-03-27 14:08:00 SELL IBM   170324C00182500
2017-03-27 14:09:00 SELL IBM   170324C00182500
2017-03-27 14:10:00 SELL IBM   170324C00182500
2017-03-27 14:11:00 SELL IBM   170324C00182500
2017-03-27 14:12:00 SELL IBM   170324C00182500
2017-03-27 14:13:00 SELL IBM   170324C00182500
2017-03-27 14:14:00 SELL IBM   170324C00182500
2017-03-27 14:15:00 SELL IBM   170324C00182500
2017-03-27 14:16:00 SELL IBM   170324C00182500
2017-03-27 14:17:00 SELL IBM   170324C00182500
2017-03-27 14:18:00 SELL IBM   170324C00182500
2017-03-27 14:19:00 SELL IBM   170324C00182500
2017-03-27 14:20:00 SELL IBM   170324C00182500
2017-03-27 14:21:00 SELL IBM   170324C00182500
2017-03-27 14:22:00 SELL IBM   170324C00182500
2017-03-27 14:23:00 SELL IBM   170324C00182500
2017-03-27 14:24:00 SELL IBM   170324C00182500
2017-03-27 14:25:00 SELL IBM   170324C00182500
2017-03-27 14:26:00 SELL IBM   170324C00182500
2017-03-27 14:27:00 SELL IBM   170324C00182500
2017-03-27 14:28:00 SELL IBM   170324C00182500
2017-03-27 14:29:00 SELL IBM   170324C00182500
2017-03-27 14:30:00 SELL IBM   170324C00182500
2017-03-27 14:31:00 SELL IBM   170324C00182500
2017-03-27 14:32:00 SELL IBM   170324C00182500
2017-03-27 14:33:00 SELL IBM   170324C00182500
2017-03-27 14:34:00 SELL IBM   170324C00182500
2017-03-27 14:35:00 SELL IBM   170324C00182500
2017-03-27 14:36:00 SELL IBM   170324C00182500
2017-03-27 14:37:00 SELL IBM   170324C00182500
2017-03-27 14:38:00 SELL IBM   170324C00182500
2017-03-27 14:39:00 SELL IBM   170324C00182500
2017-03-27 14:40:00 SELL IBM   170324C00182500
2017-03-27 14:41:00 SELL IBM   170324C00182500
2017-03-27 14:42:00 SELL IBM   170324C00182500
2017-03-27 14:43:00 SELL IBM   170324C00182500
2017-03-27 14:44:00 SELL IBM   170324C00182500
2017-03-27 14:45:00 SELL IBM   170324C00182500
2017-03-27 14:46:00 SELL IBM   170324C00182500
2017-03-27 14:47:00 SELL IBM   170324C00182500
2017-03-27 14:48:00 SELL IBM   170324C00182500
2017-03-27 14:49:00 SELL IBM   170324C00182500
2017-03-27 14:50:00 SELL IBM   170324C00182500
2017-03-27 14:51:00 SELL IBM   170324C00182500
2017-03-27 14:52:00 SELL IBM   170324C00182500
2017-03-27 14:53:00 SELL IBM   170324C00182500
2017-03-27 14:54:00 SELL IBM   170324C00182500
2017-03-27 14:55:00 SELL IBM   170324C00182500
2017-03-27 14:56:00 SELL IBM   170324C00182500
2017-03-27 14:57:00 SELL IBM   170324C00182500
2017-03-27 14:58:00 SELL IBM   170324C00182500
2017-03-27 14:59:00 SELL IBM   170324C00182500
2017-03-27 15:00:00 SELL IBM   170324C00182500
2017-03-27 15:01:00 SELL IBM   170324C00182500
2017-03-27 15:02:00 SELL IBM   170324C00182500
2017-03-27 15:03:00 SELL IBM   170324C00182500
2017-03-27 15:04:00 SELL IBM   170324C00182500
2017-03-27 15:05:00 SELL IBM   170324C00182500
2017-03-27 15:06:00 SELL IBM   170324C00182500
2017-03-27 15:07:00 SELL IBM   170324C00182500
2017-03-27 15:08:00 SELL IBM   170324C00182500
2017-03-27 15:09:00 SELL IBM   170324C00182500
2017-03-27 15:10:00 SELL IBM   170324C00182500
2017-03-27 15:11:00 SELL IBM   170324C00182500
2017-03-27 15:12:00 SELL IBM   170324C00182500
2017-03-27 15:13:00 SELL IBM   170324C00182500
2017-03-27 15:14:00 SELL IBM   170324C00182500
2017-03-27 15:15:00 SELL IBM   170324C00182500
2017-03-27 15:16:00 SELL IBM   170324C00182500
2017-03-27 15:17:00 SELL IBM   170324C00182500
2017-03-27 15:18:00 SELL IBM   170324C00182500
2017-03-27 15:19:00 SELL IBM   170324C00182500
2017-03-27 15:20:00 SELL IBM   170324C00182500
2017-03-27 15:21:00 SELL IBM   170324C00182500
2017-03-27 15:22:00 SELL IBM   170324C00182500
2017-03-27 15:23:00 SELL IBM   170324C00182500
2017-03-27 15:24:00 SELL IBM   170324C00182500
2017-03-27 15:25:00 SELL IBM   170324C00182500
2017-03-27 15:26:00 SELL IBM   170324C00182500
2017-03-27 15:27:00 SELL IBM   170324C00182500
2017-03-27 15:28:00 SELL IBM   170324C00182500
2017-03-27 15:29:00 SELL IBM   170324C00182500
2017-03-27 15:30:00 SELL IBM   170324C00182500
2017-03-27 15:31:00 SELL IBM   170324C00182500
2017-03-27 15:32:00 SELL IBM   170324C00182500
2017-03-27 15:33:00 SELL IBM   170324C00182500
2017-03-27 15:34:00 SELL IBM   170324C00182500
2017-03-27 15:35:00 SELL IBM   170324C00182500
2017-03-27 15:36:00 SELL IBM   170324C00182500
2017-03-27 15:37:00 SELL IBM   170324C00182500
2017-03-27 15:38:00 SELL IBM   170324C00182500
2017-03-27 15:39:00 SELL IBM   170324C00182500
2017-03-27 15:40:00 SELL IBM   170324C00182500
2017-03-27 15:41:00 SELL IBM   170324C00182500
2017-03-27 15:42:00 SELL IBM   170324C00182500
2017-03-27 15:43:00 SELL IBM   170324C00182500
2017-03-27 15:44:00 SELL IBM   170324C00182500
2017-03-27 15:45:00 SELL IBM   170324C00182500
2017-03-27 15:46:00 SELL IBM   170324C00182500
2017-03-27 15:47:00 SELL IBM   170324C00182500
2017-03-27 15:48:00 SELL IBM   170324C00182500
2017-03-27 15:49:00 SELL IBM   170324C00182500
2017-03-27 15:50:00 SELL IBM   170324C00182500
2017-03-27 15:51:00 SELL IBM   170324C00182500
2017-03-27 15:52:00 SELL IBM   170324C00182500
2017-03-27 15:53:00 SELL IBM   170324C00182500
2017-03-27 15:54:00 SELL IBM   170324C00182500
2017-03-27 15:55:00 SELL IBM   170324C00182500
2017-03-27 15:56:00 SELL IBM   170324C00182500
2017-03-27 15:57:00 SELL IBM   170324C00182500
2017-03-27 15:58:00 SELL IBM   170324C00182500
2017-03-27 15:59:00 SELL IBM   170324C00182500
2017-03-27 16:00:00 SELL IBM   170324C00182500
2017-03-28 09:31:00 SELL IBM   170324C00182500
2017-03-28 09:32:00 SELL IBM   170324C00182500
2017-03-28 09:33:00 SELL IBM   170324C00182500
2017-03-28 09:34:00 SELL IBM   170324C00182500
2017-03-28 09:35:00 SELL IBM   170324C00182500
2017-03-28 09:36:00 SELL IBM   170324C00182500
2017-03-28 09:37:00 SELL IBM   170324C00182500
2017-03-28 09:38:00 SELL IBM   170324C00182500
2017-03-28 09:39:00 SELL IBM   170324C00182500
2017-03-28 09:40:00 SELL IBM   170324C00182500
2017-03-28 09:41:00 SELL IBM   170324C00182500
2017-03-28 09:42:00 SELL IBM   170324C00182500
2017-03-28 09:43:00 SELL IBM   170324C00182500
2017-03-28 09:44:00 SELL IBM   170324C00182500
2017-03-28 09:45:00 SELL IBM   170324C00182500
2017-03-28 09:46:00 SELL IBM   170324C00182500
2017-03-28 09:47:00 SELL IBM   170324C00182500
2017-03-28 09:48:00 SELL IBM   170324C00182500
2017-03-28 09:49:00 SELL IBM   170324C00182500
2017-03-28 09:50:00 SELL IBM   170324C00182500
2017-03-28 09:51:00 SELL IBM   170324C00182500
2017-03-28 09:52:00 SELL IBM   170324C00182500
2017-03-28 09:53:00 SELL IBM   170324C00182500
2017-03-28 09:54:00 SELL IBM   170324C00182500
2017-03-28 09:55:00 SELL IBM   170324C00182500
2017-03-28 09:56:00 SELL IBM   170324C00182500
2017-03-28 09:57:00 SELL IBM   170324C00182500
2017-03-28 09:58:00 SELL IBM   170324C00182500
2017-03-28 09:59:00 SELL IBM   170324C00182500
2017-03-28 10:00:00 SELL IBM   170324C00182500
2017-03-28 10:01:00 SELL IBM   170324C00182500
2017-03-28 10:02:00 SELL IBM   170324C00182500
2017-03-28 10:03:00 SELL IBM   170324C00182500
2017-03-28 10:04:00 SELL IBM   170324C00182500
2017-03-28 10:05:00 SELL IBM   170324C00182500
2017-03-28 10:06:00 SELL IBM   170324C00182500
2017-03-28 10:07:00 SELL IBM   170324C00182500
2017-03-28 10:08:00 SELL IBM   170324C00182500
2017-03-28 10:09:00 SELL IBM   170324C00182500
2017-03-28 10:10:00 SELL IBM   170324C00182500
2017-03-28 10:11:00 SELL IBM   170324C00182500
2017-03-28 10:12:00 SELL IBM   170324C00182500
2017-03-28 10:13:00 SELL IBM   170324C00182500
2017-03-28 10:14:00 SELL IBM   170324C00182500
2017-03-28 10:15:00 SELL IBM   170324C00182500
2017-03-28 10:16:00 SELL IBM   170324C00182500
2017-03-28 10:17:00 SELL IBM   170324C00182500
2017-03-28 10:18:00 SELL IBM   170324C00182500
2017-03-28 10:19:00 SELL IBM   170324C00182500
2017-03-28 10:20:00 SELL IBM   170324C00182500
2017-03-28 10:21:00 SELL IBM   170324C00182500
2017-03-28 10:22:00 SELL IBM   170324C00182500
2017-03-28 10:23:00 SELL IBM   170324C00182500
2017-03-28 10:24:00 SELL IBM   170324C00182500
2017-03-28 10:25:00 SELL IBM   170324C00182500
2017-03-28 10:26:00 SELL IBM   170324C00182500
2017-03-28 10:27:00 SELL IBM   170324C00182500
2017-03-28 10:28:00 SELL IBM   170324C00182500
2017-03-28 10:29:00 SELL IBM   170324C00182500
2017-03-28 10:30:00 SELL IBM   170324C00182500
2017-03-28 10:31:00 SELL IBM   170324C00182500
2017-03-28 10:32:00 SELL IBM   170324C00182500
2017-03-28 10:33:00 SELL IBM   170324C00182500
2017-03-28 10:34:00 SELL IBM   170324C00182500
2017-03-28 10:35:00 SELL IBM   170324C00182500
2017-03-28 10:36:00 SELL IBM   170324C00182500
2017-03-28 10:37:00 SELL IBM   170324C00182500
2017-03-28 10:38:00 SELL IBM   170324C00182500
2017-03-28 10:39:00 SELL IBM   170324C00182500
2017-03-28 10:40:00 SELL IBM   170324C00182500
2017-03-28 10:41:00 SELL IBM   170324C00182500
2017-03-28 10:42:00 SELL IBM   170324C00182500
2017-03-28 10:43:00 SELL IBM   170324C00182500
2017-03-28 10:44:00 SELL IBM   170324C00182500
2017-03-28 10:45:00 SELL IBM   170324C00182500
2017-03-28 10:46:00 SELL IBM   170324C00182500
2017-03-28 10:47:00 SELL IBM   170324C00182500
2017-03-28 10:48:00 SELL IBM   170324C00182500
2017-03-28 10:49:00 SELL IBM   170324C00182500
2017-03-28 10:50:00 SELL IBM   170324C00182500
2017-03-28 10:51:00 SELL IBM   170324C00182500
2017-03-28 10:52:00 SELL IBM   170324C00182500
2017-03-28 10:53:00 SELL IBM   170324C00182500
2017-03-28 10:54:00 SELL IBM   170324C00182500
2017-03-28 10:55:00 SELL IBM   170324C00182500
2017-03-28 10:56:00 SELL IBM   170324C00182500
2017-03-28 10:57:00 SELL IBM   170324C00182500
2017-03-28 10:58:00 SELL IBM   170324C00182500
2017-03-28 10:59:00 SELL IBM   170324C00182500
2017-03-28 11:00:00 SELL IBM   170324C00182500
2017-03-28 11:01:00 SELL IBM   170324C00182500
2017-03-28 11:02:00 SELL IBM   170324C00182500
2017-03-28 11:03:00 SELL IBM   170324C00182500
2017-03-28 11:04:00 SELL IBM   170324C00182500
2017-03-28 11:05:00 SELL IBM   170324C00182500
2017-03-28 11:06:00 SELL IBM   170324C00182500
2017-03-28 11:07:00 SELL IBM   170324C00182500
2017-03-28 11:08:00 SELL IBM   170324C00182500
2017-03-28 11:09:00 SELL IBM   170324C00182500
2017-03-28 11:10:00 SELL IBM   170324C00182500
2017-03-28 11:11:00 SELL IBM   170324C00182500
2017-03-28 11:12:00 SELL IBM   170324C00182500
2017-03-28 11:13:00 SELL IBM   170324C00182500
2017-03-28 11:14:00 SELL IBM   170324C00182500
2017-03-28 11:15:00 SELL IBM   170324C00182500
2017-03-28 11:16:00 SELL IBM   170324C00182500
2017-03-28 11:17:00 SELL IBM   170324C00182500
2017-03-28 11:18:00 SELL IBM   170324C00182500
2017-03-28 11:19:00 SELL IBM   170324C00182500
2017-03-28 11:20:00 SELL IBM   170324C00182500
2017-03-28 11:21:00 SELL IBM   170324C00182500
2017-03-28 11:22:00 SELL IBM   170324C00182500
2017-03-28 11:23:00 SELL IBM   170324C00182500
2017-03-28 11:24:00 SELL IBM   170324C00182500
2017-03-28 11:25:00 SELL IBM   170324C00182500
2017-03-28 11:26:00 SELL IBM   170324C00182500
2017-03-28 11:27:00 SELL IBM   170324C00182500
2017-03-28 11:28:00 SELL IBM   170324C00182500
2017-03-28 11:29:00 SELL IBM   170324C00182500
2017-03-28 11:30:00 SELL IBM   170324C00182500
2017-03-28 11:31:00 SELL IBM   170324C00182500
2017-03-28 11:32:00 SELL IBM   170324C00182500
2017-03-28 11:33:00 SELL IBM   170324C00182500
2017-03-28 11:34:00 SELL IBM   170324C00182500
2017-03-28 11:35:00 SELL IBM   170324C00182500
2017-03-28 11:36:00 SELL IBM   170324C00182500
2017-03-28 11:37:00 SELL IBM   170324C00182500
2017-03-28 11:38:00 SELL IBM   170324C00182500
2017-03-28 11:39:00 SELL IBM   170324C00182500
2017-03-28 11:40:00 SELL IBM   170324C00182500
2017-03-28 11:41:00 SELL IBM   170324C00182500
2017-03-28 11:42:00 SELL IBM   170324C00182500
2017-03-28 11:43:00 SELL IBM   170324C00182500
2017-03-28 11:44:00 SELL IBM   170324C00182500
2017-03-28 11:45:00 SELL IBM   170324C00182500
2017-03-28 11:46:00 SELL IBM   170324C00182500
2017-03-28 11:47:00 SELL IBM   170324C00182500
2017-03-28 11:48:00 SELL IBM   170324C00182500
2017-03-28 11:49:00 SELL IBM   170324C00182500
2017-03-28 11:50:00 SELL IBM   170324C00182500
2017-03-28 11:51:00 SELL IBM   170324C00182500
2017-03-28 11:52:00 SELL IBM   170324C00182500
2017-03-28 11:53:00 SELL IBM   170324C00182500
2017-03-28 11:54:00 SELL IBM   170324C00182500
2017-03-28 11:55:00 SELL IBM   170324C00182500
2017-03-28 11:56:00 SELL IBM   170324C00182500
2017-03-28 11:57:00 SELL IBM   170324C00182500
2017-03-28 11:58:00 SELL IBM   170324C00182500
2017-03-28 11:59:00 SELL IBM   170324C00182500
2017-03-28 12:00:00 SELL IBM   170324C00182500
2017-03-28 12:01:00 SELL IBM   170324C00182500
2017-03-28 12:02:00 SELL IBM   170324C00182500
2017-03-28 12:03:00 SELL IBM   170324C00182500
2017-03-28 12:04:00 SELL IBM   170324C00182500
2017-03-28 12:05:00 SELL IBM   170324C00182500
2017-03-28 12:06:00 SELL IBM   170324C00182500
2017-03-28 12:07:00 SELL IBM   170324C00182500
2017-03-28 12:08:00 SELL IBM   170324C00182500
2017-03-28 12:09:00 SELL IBM   170324C00182500
2017-03-28 12:10:00 SELL IBM   170324C00182500
2017-03-28 12:11:00 SELL IBM   170324C00182500
2017-03-28 12:12:00 SELL IBM   170324C00182500
2017-03-28 12:13:00 SELL IBM   170324C00182500
2017-03-28 12:14:00 SELL IBM   170324C00182500
2017-03-28 12:15:00 SELL IBM   170324C00182500
2017-03-28 12:16:00 SELL IBM   170324C00182500
2017-03-28 12:17:00 SELL IBM   170324C00182500
2017-03-28 12:18:00 SELL IBM   170324C00182500
2017-03-28 12:19:00 SELL IBM   170324C00182500
2017-03-28 12:20:00 SELL IBM   170324C00182500
2017-03-28 12:21:00 SELL IBM   170324C00182500
2017-03-28 12:22:00 SELL IBM   170324C00182500
2017-03-28 12:23:00 SELL IBM   170324C00182500
2017-03-28 12:24:00 SELL IBM   170324C00182500
2017-03-28 12:25:00 SELL IBM   170324C00182500
2017-03-28 12:26:00 SELL IBM   170324C00182500
2017-03-28 12:27:00 SELL IBM   170324C00182500
2017-03-28 12:28:00 SELL IBM   170324C00182500
2017-03-28 12:29:00 SELL IBM   170324C00182500
2017-03-28 12:30:00 SELL IBM   170324C00182500
2017-03-28 12:31:00 SELL IBM   170324C00182500
2017-03-28 12:32:00 SELL IBM   170324C00182500
2017-03-28 12:33:00 SELL IBM   170324C00182500
2017-03-28 12:34:00 SELL IBM   170324C00182500
2017-03-28 12:35:00 SELL IBM   170324C00182500
2017-03-28 12:36:00 SELL IBM   170324C00182500
2017-03-28 12:37:00 SELL IBM   170324C00182500
2017-03-28 12:38:00 SELL IBM   170324C00182500
2017-03-28 12:39:00 SELL IBM   170324C00182500
2017-03-28 12:40:00 SELL IBM   170324C00182500
2017-03-28 12:41:00 SELL IBM   170324C00182500
2017-03-28 12:42:00 SELL IBM   170324C00182500
2017-03-28 12:43:00 SELL IBM   170324C00182500
2017-03-28 12:44:00 SELL IBM   170324C00182500
2017-03-28 12:45:00 SELL IBM   170324C00182500
2017-03-28 12:46:00 SELL IBM   170324C00182500
2017-03-28 12:47:00 SELL IBM   170324C00182500
2017-03-28 12:48:00 SELL IBM   170324C00182500
2017-03-28 12:49:00 SELL IBM   170324C00182500
2017-03-28 12:50:00 SELL IBM   170324C00182500
2017-03-28 12:51:00 SELL IBM   170324C00182500
2017-03-28 12:52:00 SELL IBM   170324C00182500
2017-03-28 12:53:00 SELL IBM   170324C00182500
2017-03-28 12:54:00 SELL IBM   170324C00182500
2017-03-28 12:55:00 SELL IBM   170324C00182500
2017-03-28 12:56:00 SELL IBM   170324C00182500
2017-03-28 12:57:00 SELL IBM   170324C00182500
2017-03-28 12:58:00 SELL IBM   170324C00182500
2017-03-28 12:59:00 SELL IBM   170324C00182500
2017-03-28 13:00:00 SELL IBM   170324C00182500
2017-03-28 13:01:00 SELL IBM   170324C00182500
2017-03-28 13:02:00 SELL IBM   170324C00182500
2017-03-28 13:03:00 SELL IBM   170324C00182500
2017-03-28 13:04:00 SELL IBM   170324C00182500
2017-03-28 13:05:00 SELL IBM   170324C00182500
2017-03-28 13:06:00 SELL IBM   170324C00182500
2017-03-28 13:07:00 SELL IBM   170324C00182500
2017-03-28 13:08:00 SELL IBM   170324C00182500
2017-03-28 13:09:00 SELL IBM   170324C00182500
2017-03-28 13:10:00 SELL IBM   170324C00182500
2017-03-28 13:11:00 SELL IBM   170324C00182500
2017-03-28 13:12:00 SELL IBM   170324C00182500
2017-03-28 13:13:00 SELL IBM   170324C00182500
2017-03-28 13:14:00 SELL IBM   170324C00182500
2017-03-28 13:15:00 SELL IBM   170324C00182500
2017-03-28 13:16:00 SELL IBM   170324C00182500
2017-03-28 13:17:00 SELL IBM   170324C00182500
2017-03-28 13:18:00 SELL IBM   170324C00182500
2017-03-28 13:19:00 SELL IBM   170324C00182500
2017-03-28 13:20:00 SELL IBM   170324C00182500
2017-03-28 13:21:00 SELL IBM   170324C00182500
2017-03-28 13:22:00 SELL IBM   170324C00182500
2017-03-28 13:23:00 SELL IBM   170324C00182500
2017-03-28 13:24:00 SELL IBM   170324C00182500
2017-03-28 13:25:00 SELL IBM   170324C00182500
2017-03-28 13:26:00 SELL IBM   170324C00182500
2017-03-28 13:27:00 SELL IBM   170324C00182500
2017-03-28 13:28:00 SELL IBM   170324C00182500
2017-03-28 13:29:00 SELL IBM   170324C00182500
2017-03-28 13:30:00 SELL IBM   170324C00182500
2017-03-28 13:31:00 SELL IBM   170324C00182500
2017-03-28 13:32:00 SELL IBM   170324C00182500
2017-03-28 13:33:00 SELL IBM   170324C00182500
2017-03-28 13:34:00 SELL IBM   170324C00182500
2017-03-28 13:35:00 SELL IBM   170324C00182500
2017-03-28 13:36:00 SELL IBM   170324C00182500
2017-03-28 13:37:00 SELL IBM   170324C00182500
2017-03-28 13:38:00 SELL IBM   170324C00182500
2017-03-28 13:39:00 SELL IBM   170324C00182500
2017-03-28 13:40:00 SELL IBM   170324C00182500
2017-03-28 13:41:00 SELL IBM   170324C00182500
2017-03-28 13:42:00 SELL IBM   170324C00182500
2017-03-28 13:43:00 SELL IBM   170324C00182500
2017-03-28 13:44:00 SELL IBM   170324C00182500
2017-03-28 13:45:00 SELL IBM   170324C00182500
2017-03-28 13:46:00 SELL IBM   170324C00182500
2017-03-28 13:47:00 SELL IBM   170324C00182500
2017-03-28 13:48:00 SELL IBM   170324C00182500
2017-03-28 13:49:00 SELL IBM   170324C00182500
2017-03-28 13:50:00 SELL IBM   170324C00182500
2017-03-28 13:51:00 SELL IBM   170324C00182500
2017-03-28 13:52:00 SELL IBM   170324C00182500
2017-03-28 13:53:00 SELL IBM   170324C00182500
2017-03-28 13:54:00 SELL IBM   170324C00182500
2017-03-28 13:55:00 SELL IBM   170324C00182500
2017-03-28 13:56:00 SELL IBM   170324C00182500
2017-03-28 13:57:00 SELL IBM   170324C00182500
2017-03-28 13:58:00 SELL IBM   170324C00182500
2017-03-28 13:59:00 SELL IBM   170324C00182500
2017-03-28 14:00:00 SELL IBM   170324C00182500
2017-03-28 14:01:00 SELL IBM   170324C00182500
2017-03-28 14:02:00 SELL IBM   170324C00182500
2017-03-28 14:03:00 SELL IBM   170324C00182500
2017-03-28 14:04:00 SELL IBM   170324C00182500
2017-03-28 14:05:00 SELL IBM   170324C00182500
2017-03-28 14:06:00 SELL IBM   170324C00182500
2017-03-28 14:07:00 SELL IBM   170324C00182500
2017-03-28 14:08:00 SELL IBM   170324C00182500
2017-03-28 14:09:00 SELL IBM   170324C00182500
2017-03-28 14:10:00 SELL IBM   170324C00182500
2017-03-28 14:11:00 SELL IBM   170324C00182500
2017-03-28 14:12:00 SELL IBM   170324C00182500
2017-03-28 14:13:00 SELL IBM   170324C00182500
2017-03-28 14:14:00 SELL IBM   170324C00182500
2017-03-28 14:15:00 SELL IBM   170324C00182500
2017-03-28 14:16:00 SELL IBM   170324C00182500
2017-03-28 14:17:00 SELL IBM   170324C00182500
2017-03-28 14:18:00 SELL IBM   170324C00182500
2017-03-28 14:19:00 SELL IBM   170324C00182500
2017-03-28 14:20:00 SELL IBM   170324C00182500
2017-03-28 14:21:00 SELL IBM   170324C00182500
2017-03-28 14:22:00 SELL IBM   170324C00182500
2017-03-28 14:23:00 SELL IBM   170324C00182500
2017-03-28 14:24:00 SELL IBM   170324C00182500
2017-03-28 14:25:00 SELL IBM   170324C00182500
2017-03-28 14:26:00 SELL IBM   170324C00182500
2017-03-28 14:27:00 SELL IBM   170324C00182500
2017-03-28 14:28:00 SELL IBM   170324C00182500
2017-03-28 14:29:00 SELL IBM   170324C00182500
2017-03-28 14:30:00 SELL IBM   170324C00182500
2017-03-28 14:31:00 SELL IBM   170324C00182500
2017-03-28 14:32:00 SELL IBM   170324C00182500
2017-03-28 14:33:00 SELL IBM   170324C00182500
2017-03-28 14:34:00 SELL IBM   170324C00182500
2017-03-28 14:35:00 SELL IBM   170324C00182500
2017-03-28 14:36:00 SELL IBM   170324C00182500
2017-03-28 14:37:00 SELL IBM   170324C00182500
2017-03-28 14:38:00 SELL IBM   170324C00182500
2017-03-28 14:39:00 SELL IBM   170324C00182500
2017-03-28 14:40:00 SELL IBM   170324C00182500
2017-03-28 14:41:00 SELL IBM   170324C00182500
2017-03-28 14:42:00 SELL IBM   170324C00182500
2017-03-28 14:43:00 SELL IBM   170324C00182500
2017-03-28 14:44:00 SELL IBM   170324C00182500
2017-03-28 14:45:00 SELL IBM   170324C00182500
2017-03-28 14:46:00 SELL IBM   170324C00182500
2017-03-28 14:47:00 SELL IBM   170324C00182500
2017-03-28 14:48:00 SELL IBM   170324C00182500
2017-03-28 14:49:00 SELL IBM   170324C00182500
2017-03-28 14:50:00 SELL IBM   170324C00182500
2017-03-28 14:51:00 SELL IBM   170324C00182500
2017-03-28 14:52:00 SELL IBM   170324C00182500
2017-03-28 14:53:00 SELL IBM   170324C00182500
2017-03-28 14:54:00 SELL IBM   170324C00182500
2017-03-28 14:55:00 SELL IBM   170324C00182500
2017-03-28 14:56:00 SELL IBM   170324C00182500
2017-03-28 14:57:00 SELL IBM   170324C00182500
2017-03-28 14:58:00 SELL IBM   170324C00182500
2017-03-28 14:59:00 SELL IBM   170324C00182500
2017-03-28 15:00:00 SELL IBM   170324C00182500
2017-03-28 15:01:00 SELL IBM   170324C00182500
2017-03-28 15:02:00 SELL IBM   170324C00182500
2017-03-28 15:03:00 SELL IBM   170324C00182500
2017-03-28 15:04:00 SELL IBM   170324C00182500
2017-03-28 15:05:00 SELL IBM   170324C00182500
2017-03-28 15:06:00 SELL IBM   170324C00182500
2017-03-28 15:07:00 SELL IBM   170324C00182500
2017-03-28 15:08:00 SELL IBM   170324C00182500
2017-03-28 15:09:00 SELL IBM   170324C00182500
2017-03-28 15:10:00 SELL IBM   170324C00182500
2017-03-28 15:11:00 SELL IBM   170324C00182500
2017-03-28 15:12:00 SELL IBM   170324C00182500
2017-03-28 15:13:00 SELL IBM   170324C00182500
2017-03-28 15:14:00 SELL IBM   170324C00182500
2017-03-28 15:15:00 SELL IBM   170324C00182500
2017-03-28 15:16:00 SELL IBM   170324C00182500
2017-03-28 15:17:00 SELL IBM   170324C00182500
2017-03-28 15:18:00 SELL IBM   170324C00182500
2017-03-28 15:19:00 SELL IBM   170324C00182500
2017-03-28 15:20:00 SELL IBM   170324C00182500
2017-03-28 15:21:00 SELL IBM   170324C00182500
2017-03-28 15:22:00 SELL IBM   170324C00182500
2017-03-28 15:23:00 SELL IBM   170324C00182500
2017-03-28 15:24:00 SELL IBM   170324C00182500
2017-03-28 15:25:00 SELL IBM   170324C00182500
2017-03-28 15:26:00 SELL IBM   170324C00182500
2017-03-28 15:27:00 SELL IBM   170324C00182500
2017-03-28 15:28:00 SELL IBM   170324C00182500
2017-03-28 15:29:00 SELL IBM   170324C00182500
2017-03-28 15:30:00 SELL IBM   170324C00182500
2017-03-28 15:31:00 SELL IBM   170324C00182500
2017-03-28 15:32:00 SELL IBM   170324C00182500
2017-03-28 15:33:00 SELL IBM   170324C00182500
2017-03-28 15:34:00 SELL IBM   170324C00182500
2017-03-28 15:35:00 SELL IBM   170324C00182500
2017-03-28 15:36:00 SELL IBM   170324C00182500
2017-03-28 15:37:00 SELL IBM   170324C00182500
2017-03-28 15:38:00 SELL IBM   170324C00182500
2017-03-28 15:39:00 SELL IBM   170324C00182500
2017-03-28 15:40:00 SELL IBM   170324C00182500
2017-03-28 15:41:00 SELL IBM   170324C00182500
2017-03-28 15:42:00 SELL IBM   170324C00182500
2017-03-28 15:43:00 SELL IBM   170324C00182500
2017-03-28 15:44:00 SELL IBM   170324C00182500
2017-03-28 15:45:00 SELL IBM   170324C00182500
2017-03-28 15:46:00 SELL IBM   170324C00182500
2017-03-28 15:47:00 SELL IBM   170324C00182500
2017-03-28 15:48:00 SELL IBM   170324C00182500
2017-03-28 15:49:00 SELL IBM   170324C00182500
2017-03-28 15:50:00 SELL IBM   170324C00182500
2017-03-28 15:51:00 SELL IBM   170324C00182500
2017-03-28 15:52:00 SELL IBM   170324C00182500
2017-03-28 15:53:00 SELL IBM   170324C00182500
2017-03-28 15:54:00 SELL IBM   170324C00182500
2017-03-28 15:55:00 SELL IBM   170324C00182500
2017-03-28 15:56:00 SELL IBM   170324C00182500
2017-03-28 15:57:00 SELL IBM   170324C00182500
2017-03-28 15:58:00 SELL IBM   170324C00182500
2017-03-28 15:59:00 SELL IBM   170324C00182500
2017-03-28 16:00:00 SELL IBM   170324C00182500
2017-03-29 09:31:00 SELL IBM   170324C00182500
2017-03-29 09:32:00 SELL IBM   170324C00182500
2017-03-29 09:33:00 SELL IBM   170324C00182500
2017-03-29 09:34:00 SELL IBM   170324C00182500
2017-03-29 09:35:00 SELL IBM   170324C00182500
2017-03-29 09:36:00 SELL IBM   170324C00182500
2017-03-29 09:37:00 SELL IBM   170324C00182500
2017-03-29 09:38:00 SELL IBM   170324C00182500
2017-03-29 09:39:00 SELL IBM   170324C00182500
2017-03-29 09:40:00 SELL IBM   170324C00182500
2017-03-29 09:41:00 SELL IBM   170324C00182500
2017-03-29 09:42:00 SELL IBM   170324C00182500
2017-03-29 09:43:00 SELL IBM   170324C00182500
2017-03-29 09:44:00 SELL IBM   170324C00182500
2017-03-29 09:45:00 SELL IBM   170324C00182500
2017-03-29 09:46:00 SELL IBM   170324C00182500
2017-03-29 09:47:00 SELL IBM   170324C00182500
2017-03-29 09:48:00 SELL IBM   170324C00182500
2017-03-29 09:49:00 SELL IBM   170324C00182500
2017-03-29 09:50:00 SELL IBM   170324C00182500
2017-03-29 09:51:00 SELL IBM   170324C00182500
2017-03-29 09:52:00 SELL IBM   170324C00182500
2017-03-29 09:53:00 SELL IBM   170324C00182500
2017-03-29 09:54:00 SELL IBM   170324C00182500
2017-03-29 09:55:00 SELL IBM   170324C00182500
2017-03-29 09:56:00 SELL IBM   170324C00182500
2017-03-29 09:57:00 SELL IBM   170324C00182500
2017-03-29 09:58:00 SELL IBM   170324C00182500
2017-03-29 09:59:00 SELL IBM   170324C00182500
2017-03-29 10:00:00 SELL IBM   170324C00182500
2017-03-29 10:01:00 SELL IBM   170324C00182500
2017-03-29 10:02:00 SELL IBM   170324C00182500
2017-03-29 10:03:00 SELL IBM   170324C00182500
2017-03-29 10:04:00 SELL IBM   170324C00182500
2017-03-29 10:05:00 SELL IBM   170324C00182500
2017-03-29 10:06:00 SELL IBM   170324C00182500
2017-03-29 10:07:00 SELL IBM   170324C00182500
2017-03-29 10:08:00 SELL IBM   170324C00182500
2017-03-29 10:09:00 SELL IBM   170324C00182500
2017-03-29 10:10:00 SELL IBM   170324C00182500
2017-03-29 10:11:00 SELL IBM   170324C00182500
2017-03-29 10:12:00 SELL IBM   170324C00182500
2017-03-29 10:13:00 SELL IBM   170324C00182500
2017-03-29 10:14:00 SELL IBM   170324C00182500
2017-03-29 10:15:00 SELL IBM   170324C00182500
2017-03-29 10:16:00 SELL IBM   170324C00182500
2017-03-29 10:17:00 SELL IBM   170324C00182500
2017-03-29 10:18:00 SELL IBM   170324C00182500
2017-03-29 10:19:00 SELL IBM   170324C00182500
2017-03-29 10:20:00 SELL IBM   170324C00182500
2017-03-29 10:21:00 SELL IBM   170324C00182500
2017-03-29 10:22:00 SELL IBM   170324C00182500
2017-03-29 10:23:00 SELL IBM   170324C00182500
2017-03-29 10:24:00 SELL IBM   170324C00182500
2017-03-29 10:25:00 SELL IBM   170324C00182500
2017-03-29 10:26:00 SELL IBM   170324C00182500
2017-03-29 10:27:00 SELL IBM   170324C00182500
2017-03-29 10:28:00 SELL IBM   170324C00182500
2017-03-29 10:29:00 SELL IBM   170324C00182500
2017-03-29 10:30:00 SELL IBM   170324C00182500
2017-03-29 10:31:00 SELL IBM   170324C00182500
2017-03-29 10:32:00 SELL IBM   170324C00182500
2017-03-29 10:33:00 SELL IBM   170324C00182500
2017-03-29 10:34:00 SELL IBM   170324C00182500
2017-03-29 10:35:00 SELL IBM   170324C00182500
2017-03-29 10:36:00 SELL IBM   170324C00182500
2017-03-29 10:37:00 SELL IBM   170324C00182500
2017-03-29 10:38:00 SELL IBM   170324C00182500
2017-03-29 10:39:00 SELL IBM   170324C00182500
2017-03-29 10:40:00 SELL IBM   170324C00182500
2017-03-29 10:41:00 SELL IBM   170324C00182500
2017-03-29 10:42:00 SELL IBM   170324C00182500
2017-03-29 10:43:00 SELL IBM   170324C00182500
2017-03-29 10:44:00 SELL IBM   170324C00182500
2017-03-29 10:45:00 SELL IBM   170324C00182500
2017-03-29 10:46:00 SELL IBM   170324C00182500
2017-03-29 10:47:00 SELL IBM   170324C00182500
2017-03-29 10:48:00 SELL IBM   170324C00182500
2017-03-29 10:49:00 SELL IBM   170324C00182500
2017-03-29 10:50:00 SELL IBM   170324C00182500
2017-03-29 10:51:00 SELL IBM   170324C00182500
2017-03-29 10:52:00 SELL IBM   170324C00182500
2017-03-29 10:53:00 SELL IBM   170324C00182500
2017-03-29 10:54:00 SELL IBM   170324C00182500
2017-03-29 10:55:00 SELL IBM   170324C00182500
2017-03-29 10:56:00 SELL IBM   170324C00182500
2017-03-29 10:57:00 SELL IBM   170324C00182500
2017-03-29 10:58:00 SELL IBM   170324C00182500
2017-03-29 10:59:00 SELL IBM   170324C00182500
2017-03-29 11:00:00 SELL IBM   170324C00182500
2017-03-29 11:01:00 SELL IBM   170324C00182500
2017-03-29 11:02:00 SELL IBM   170324C00182500
2017-03-29 11:03:00 SELL IBM   170324C00182500
2017-03-29 11:04:00 SELL IBM   170324C00182500
2017-03-29 11:05:00 SELL IBM   170324C00182500
2017-03-29 11:06:00 SELL IBM   170324C00182500
2017-03-29 11:07:00 SELL IBM   170324C00182500
2017-03-29 11:08:00 SELL IBM   170324C00182500
2017-03-29 11:09:00 SELL IBM   170324C00182500
2017-03-29 11:10:00 SELL IBM   170324C00182500
2017-03-29 11:11:00 SELL IBM   170324C00182500
2017-03-29 11:12:00 SELL IBM   170324C00182500
2017-03-29 11:13:00 SELL IBM   170324C00182500
2017-03-29 11:14:00 SELL IBM   170324C00182500
2017-03-29 11:15:00 SELL IBM   170324C00182500
2017-03-29 11:16:00 SELL IBM   170324C00182500
2017-03-29 11:17:00 SELL IBM   170324C00182500
2017-03-29 11:18:00 SELL IBM   170324C00182500
2017-03-29 11:19:00 SELL IBM   170324C00182500
2017-03-29 11:20:00 SELL IBM   170324C00182500
2017-03-29 11:21:00 SELL IBM   170324C00182500
2017-03-29 11:22:00 SELL IBM   170324C00182500
2017-03-29 11:23:00 SELL IBM   170324C00182500
2017-03-29 11:24:00 SELL IBM   170324C00182500
2017-03-29 11:25:00 SELL IBM   170324C00182500
2017-03-29 11:26:00 SELL IBM   170324C00182500
2017-03-29 11:27:00 SELL IBM   170324C00182500
2017-03-29 11:28:00 SELL IBM   170324C00182500
2017-03-29 11:29:00 SELL IBM   170324C00182500
2017-03-29 11:30:00 SELL IBM   170324C00182500
2017-03-29 11:31:00 SELL IBM   170324C00182500
2017-03-29 11:32:00 SELL IBM   170324C00182500
2017-03-29 11:33:00 SELL IBM   170324C00182500
2017-03-29 11:34:00 SELL IBM   170324C00182500
2017-03-29 11:35:00 SELL IBM   170324C00182500
2017-03-29 11:36:00 SELL IBM   170324C00182500
2017-03-29 11:37:00 SELL IBM   170324C00182500
2017-03-29 11:38:00 SELL IBM   170324C00182500
2017-03-29 11:39:00 SELL IBM   170324C00182500
2017-03-29 11:40:00 SELL IBM   170324C00182500
2017-03-29 11:41:00 SELL IBM   170324C00182500
2017-03-29 11:42:00 SELL IBM   170324C00182500
2017-03-29 11:43:00 SELL IBM   170324C00182500
2017-03-29 11:44:00 SELL IBM   170324C00182500
2017-03-29 11:45:00 SELL IBM   170324C00182500
2017-03-29 11:46:00 SELL IBM   170324C00182500
2017-03-29 11:47:00 SELL IBM   170324C00182500
2017-03-29 11:48:00 SELL IBM   170324C00182500
2017-03-29 11:49:00 SELL IBM   170324C00182500
2017-03-29 11:50:00 SELL IBM   170324C00182500
2017-03-29 11:51:00 SELL IBM   170324C00182500
2017-03-29 11:52:00 SELL IBM   170324C00182500
2017-03-29 11:53:00 SELL IBM   170324C00182500
2017-03-29 11:54:00 SELL IBM   170324C00182500
2017-03-29 11:55:00 SELL IBM   170324C00182500
2017-03-29 11:56:00 SELL IBM   170324C00182500
2017-03-29 11:57:00 SELL IBM   170324C00182500
2017-03-29 11:58:00 SELL IBM   170324C00182500
2017-03-29 11:59:00 SELL IBM   170324C00182500
2017-03-29 12:00:00 SELL IBM   170324C00182500
2017-03-29 12:01:00 SELL IBM   170324C00182500
2017-03-29 12:02:00 SELL IBM   170324C00182500
2017-03-29 12:03:00 SELL IBM   170324C00182500
2017-03-29 12:04:00 SELL IBM   170324C00182500
2017-03-29 12:05:00 SELL IBM   170324C00182500
2017-03-29 12:06:00 SELL IBM   170324C00182500
2017-03-29 12:07:00 SELL IBM   170324C00182500
2017-03-29 12:08:00 SELL IBM   170324C00182500
2017-03-29 12:09:00 SELL IBM   170324C00182500
2017-03-29 12:10:00 SELL IBM   170324C00182500
2017-03-29 12:11:00 SELL IBM   170324C00182500
2017-03-29 12:12:00 SELL IBM   170324C00182500
2017-03-29 12:13:00 SELL IBM   170324C00182500
2017-03-29 12:14:00 SELL IBM   170324C00182500
2017-03-29 12:15:00 SELL IBM   170324C00182500
2017-03-29 12:16:00 SELL IBM   170324C00182500
2017-03-29 12:17:00 SELL IBM   170324C00182500
2017-03-29 12:18:00 SELL IBM   170324C00182500
2017-03-29 12:19:00 SELL IBM   170324C00182500
2017-03-29 12:20:00 SELL IBM   170324C00182500
2017-03-29 12:21:00 SELL IBM   170324C00182500
2017-03-29 12:22:00 SELL IBM   170324C00182500
2017-03-29 12:23:00 SELL IBM   170324C00182500
2017-03-29 12:24:00 SELL IBM   170324C00182500
2017-03-29 12:25:00 SELL IBM   170324C00182500
2017-03-29 12:26:00 SELL IBM   170324C00182500
2017-03-29 12:27:00 SELL IBM   170324C00182500
2017-03-29 12:28:00 SELL IBM   170324C00182500
2017-03-29 12:29:00 SELL IBM   170324C00182500
2017-03-29 12:30:00 SELL IBM   170324C00182500
2017-03-29 12:31:00 SELL IBM   170324C00182500
2017-03-29 12:32:00 SELL IBM   170324C00182500
2017-03-29 12:33:00 SELL IBM   170324C00182500
2017-03-29 12:34:00 SELL IBM   170324C00182500
2017-03-29 12:35:00 SELL IBM   170324C00182500
2017-03-29 12:36:00 SELL IBM   170324C00182500
2017-03-29 12:37:00 SELL IBM   170324C00182500
2017-03-29 12:38:00 SELL IBM   170324C00182500
2017-03-29 12:39:00 SELL IBM   170324C00182500
2017-03-29 12:40:00 SELL IBM   170324C00182500
2017-03-29 12:41:00 SELL IBM   170324C00182500
2017-03-29 12:42:00 SELL IBM   170324C00182500
2017-03-29 12:43:00 SELL IBM   170324C00182500
2017-03-29 12:44:00 SELL IBM   170324C00182500
2017-03-29 12:45:00 SELL IBM   170324C00182500
2017-03-29 12:46:00 SELL IBM   170324C00182500
2017-03-29 12:47:00 SELL IBM   170324C00182500
2017-03-29 12:48:00 SELL IBM   170324C00182500
2017-03-29 12:49:00 SELL IBM   170324C00182500
2017-03-29 12:50:00 SELL IBM   170324C00182500
2017-03-29 12:51:00 SELL IBM   170324C00182500
2017-03-29 12:52:00 SELL IBM   170324C00182500
2017-03-29 12:53:00 SELL IBM   170324C00182500
2017-03-29 12:54:00 SELL IBM   170324C00182500
2017-03-29 12:55:00 SELL IBM   170324C00182500
2017-03-29 12:56:00 SELL IBM   170324C00182500
2017-03-29 12:57:00 SELL IBM   170324C00182500
2017-03-29 12:58:00 SELL IBM   170324C00182500
2017-03-29 12:59:00 SELL IBM   170324C00182500
2017-03-29 13:00:00 SELL IBM   170324C00182500
2017-03-29 13:01:00 SELL IBM   170324C00182500
2017-03-29 13:02:00 SELL IBM   170324C00182500
2017-03-29 13:03:00 SELL IBM   170324C00182500
2017-03-29 13:04:00 SELL IBM   170324C00182500
2017-03-29 13:05:00 SELL IBM   170324C00182500
2017-03-29 13:06:00 SELL IBM   170324C00182500
2017-03-29 13:07:00 SELL IBM   170324C00182500
2017-03-29 13:08:00 SELL IBM   170324C00182500
2017-03-29 13:09:00 SELL IBM   170324C00182500
2017-03-29 13:10:00 SELL IBM   170324C00182500
2017-03-29 13:11:00 SELL IBM   170324C00182500
2017-03-29 13:12:00 SELL IBM   170324C00182500
2017-03-29 13:13:00 SELL IBM   170324C00182500
2017-03-29 13:14:00 SELL IBM   170324C00182500
2017-03-29 13:15:00 SELL IBM   170324C00182500
2017-03-29 13:16:00 SELL IBM   170324C00182500
2017-03-29 13:17:00 SELL IBM   170324C00182500
2017-03-29 13:18:00 SELL IBM   170324C00182500
2017-03-29 13:19:00 SELL IBM   170324C00182500
2017-03-29 13:20:00 SELL IBM   170324C00182500
2017-03-29 13:21:00 SELL IBM   170324C00182500
2017-03-29 13:22:00 SELL IBM   170324C00182500
2017-03-29 13:23:00 SELL IBM   170324C00182500
2017-03-29 13:24:00 SELL IBM   170324C00182500
2017-03-29 13:25:00 SELL IBM   170324C00182500
2017-03-29 13:26:00 SELL IBM   170324C00182500
2017-03-29 13:27:00 SELL IBM   170324C00182500
2017-03-29 13:28:00 SELL IBM   170324C00182500
2017-03-29 13:29:00 SELL IBM   170324C00182500
2017-03-29 13:30:00 SELL IBM   170324C00182500
2017-03-29 13:31:00 SELL IBM   170324C00182500
2017-03-29 13:32:00 SELL IBM   170324C00182500
2017-03-29 13:33:00 SELL IBM   170324C00182500
2017-03-29 13:34:00 SELL IBM   170324C00182500
2017-03-29 13:35:00 SELL IBM   170324C00182500
2017-03-29 13:36:00 SELL IBM   170324C00182500
2017-03-29 13:37:00 SELL IBM   170324C00182500
2017-03-29 13:38:00 SELL IBM   170324C00182500
2017-03-29 13:39:00 SELL IBM   170324C00182500
2017-03-29 13:40:00 SELL IBM   170324C00182500
2017-03-29 13:41:00 SELL IBM   170324C00182500
2017-03-29 13:42:00 SELL IBM   170324C00182500
2017-03-29 13:43:00 SELL IBM   170324C00182500
2017-03-29 13:44:00 SELL IBM   170324C00182500
2017-03-29 13:45:00 SELL IBM   170324C00182500
2017-03-29 13:46:00 SELL IBM   170324C00182500
2017-03-29 13:47:00 SELL IBM   170324C00182500
2017-03-29 13:48:00 SELL IBM   170324C00182500
2017-03-29 13:49:00 SELL IBM   170324C00182500
2017-03-29 13:50:00 SELL IBM   170324C00182500
2017-03-29 13:51:00 SELL IBM   170324C00182500
2017-03-29 13:52:00 SELL IBM   170324C00182500
2017-03-29 13:53:00 SELL IBM   170324C00182500
2017-03-29 13:54:00 SELL IBM   170324C00182500
2017-03-29 13:55:00 SELL IBM   170324C00182500
2017-03-29 13:56:00 SELL IBM   170324C00182500
2017-03-29 13:57:00 SELL IBM   170324C00182500
2017-03-29 13:58:00 SELL IBM   170324C00182500
2017-03-29 13:59:00 SELL IBM   170324C00182500
2017-03-29 14:00:00 SELL IBM   170324C00182500
2017-03-29 14:01:00 SELL IBM   170324C00182500
2017-03-29 14:02:00 SELL IBM   170324C00182500
2017-03-29 14:03:00 SELL IBM   170324C00182500
2017-03-29 14:04:00 SELL IBM   170324C00182500
2017-03-29 14:05:00 SELL IBM   170324C00182500
2017-03-29 14:06:00 SELL IBM   170324C00182500
2017-03-29 14:07:00 SELL IBM   170324C00182500
2017-03-29 14:08:00 SELL IBM   170324C00182500
2017-03-29 14:09:00 SELL IBM   170324C00182500
2017-03-29 14:10:00 SELL IBM   170324C00182500
2017-03-29 14:11:00 SELL IBM   170324C00182500
2017-03-29 14:12:00 SELL IBM   170324C00182500
2017-03-29 14:13:00 SELL IBM   170324C00182500
2017-03-29 14:14:00 SELL IBM   170324C00182500
2017-03-29 14:15:00 SELL IBM   170324C00182500
2017-03-29 14:16:00 SELL IBM   170324C00182500
2017-03-29 14:17:00 SELL IBM   170324C00182500
2017-03-29 14:18:00 SELL IBM   170324C00182500
2017-03-29 14:19:00 SELL IBM   170324C00182500
2017-03-29 14:20:00 SELL IBM   170324C00182500
2017-03-29 14:21:00 SELL IBM   170324C00182500
2017-03-29 14:22:00 SELL IBM   170324C00182500
2017-03-29 14:23:00 SELL IBM   170324C00182500
2017-03-29 14:24:00 SELL IBM   170324C00182500
2017-03-29 14:25:00 SELL IBM   170324C00182500
2017-03-29 14:26:00 SELL IBM   170324C00182500
2017-03-29 14:27:00 SELL IBM   170324C00182500
2017-03-29 14:28:00 SELL IBM   170324C00182500
2017-03-29 14:29:00 SELL IBM   170324C00182500
2017-03-29 14:30:00 SELL IBM   170324C00182500
2017-03-29 14:31:00 SELL IBM   170324C00182500
2017-03-29 14:32:00 SELL IBM   170324C00182500
2017-03-29 14:33:00 SELL IBM   170324C00182500
2017-03-29 14:34:00 SELL IBM   170324C00182500
2017-03-29 14:35:00 SELL IBM   170324C00182500
2017-03-29 14:36:00 SELL IBM   170324C00182500
2017-03-29 14:37:00 SELL IBM   170324C00182500
2017-03-29 14:38:00 SELL IBM   170324C00182500
2017-03-29 14:39:00 SELL IBM   170324C00182500
2017-03-29 14:40:00 SELL IBM   170324C00182500
2017-03-29 14:41:00 SELL IBM   170324C00182500
2017-03-29 14:42:00 SELL IBM   170324C00182500
2017-03-29 14:43:00 SELL IBM   170324C00182500
2017-03-29 14:44:00 SELL IBM   170324C00182500
2017-03-29 14:45:00 SELL IBM   170324C00182500
2017-03-29 14:46:00 SELL IBM   170324C00182500
2017-03-29 14:47:00 SELL IBM   170324C00182500
2017-03-29 14:48:00 SELL IBM   170324C00182500
2017-03-29 14:49:00 SELL IBM   170324C00182500
2017-03-29 14:50:00 SELL IBM   170324C00182500
2017-03-29 14:51:00 SELL IBM   170324C00182500
2017-03-29 14:52:00 SELL IBM   170324C00182500
2017-03-29 14:53:00 SELL IBM   170324C00182500
2017-03-29 14:54:00 SELL IBM   170324C00182500
2017-03-29 14:55:00 SELL IBM   170324C00182500
2017-03-29 14:56:00 SELL IBM   170324C00182500
2017-03-29 14:57:00 SELL IBM   170324C00182500
2017-03-29 14:58:00 SELL IBM   170324C00182500
2017-03-29 14:59:00 SELL IBM   170324C00182500
2017-03-29 15:00:00 SELL IBM   170324C00182500
2017-03-29 15:01:00 SELL IBM   170324C00182500
2017-03-29 15:02:00 SELL IBM   170324C00182500
2017-03-29 15:03:00 SELL IBM   170324C00182500
2017-03-29 15:04:00 SELL IBM   170324C00182500
2017-03-29 15:05:00 SELL IBM   170324C00182500
2017-03-29 15:06:00 SELL IBM   170324C00182500
2017-03-29 15:07:00 SELL IBM   170324C00182500
2017-03-29 15:08:00 SELL IBM   170324C00182500
2017-03-29 15:09:00 SELL IBM   170324C00182500
2017-03-29 15:10:00 SELL IBM   170324C00182500
2017-03-29 15:11:00 SELL IBM   170324C00182500
2017-03-29 15:12:00 SELL IBM   170324C00182500
2017-03-29 15:13:00 SELL IBM   170324C00182500
2017-03-29 15:14:00 SELL IBM   170324C00182500
2017-03-29 15:15:00 SELL IBM   170324C00182500
2017-03-29 15:16:00 SELL IBM   170324C00182500
2017-03-29 15:17:00 SELL IBM   170324C00182500
2017-03-29 15:18:00 SELL IBM   170324C00182500
2017-03-29 15:19:00 SELL IBM   170324C00182500
2017-03-29 15:20:00 SELL IBM   170324C00182500
2017-03-29 15:21:00 SELL IBM   170324C00182500
2017-03-29 15:22:00 SELL IBM   170324C00182500
2017-03-29 15:23:00 SELL IBM   170324C00182500
2017-03-29 15:24:00 SELL IBM   170324C00182500
2017-03-29 15:25:00 SELL IBM   170324C00182500
2017-03-29 15:26:00 SELL IBM   170324C00182500
2017-03-29 15:27:00 SELL IBM   170324C00182500
2017-03-29 15:28:00 SELL IBM   170324C00182500
2017-03-29 15:29:00 SELL IBM   170324C00182500
2017-03-29 15:30:00 SELL IBM   170324C00182500
2017-03-29 15:31:00 SELL IBM   170324C00182500
2017-03-29 15:32:00 SELL IBM   170324C00182500
2017-03-29 15:33:00 SELL IBM   170324C00182500
2017-03-29 15:34:00 SELL IBM   170324C00182500
2017-03-29 15:35:00 SELL IBM   170324C00182500
2017-03-29 15:36:00 SELL IBM   170324C00182500
2017-03-29 15:37:00 SELL IBM   170324C00182500
2017-03-29 15:38:00 SELL IBM   170324C00182500
2017-03-29 15:39:00 SELL IBM   170324C00182500
2017-03-29 15:40:00 SELL IBM   170324C00182500
2017-03-29 15:41:00 SELL IBM   170324C00182500
2017-03-29 15:42:00 SELL IBM   170324C00182500
2017-03-29 15:43:00 SELL IBM   170324C00182500
2017-03-29 15:44:00 SELL IBM   170324C00182500
2017-03-29 15:45:00 SELL IBM   170324C00182500
2017-03-29 15:46:00 SELL IBM   170324C00182500
2017-03-29 15:47:00 SELL IBM   170324C00182500
2017-03-29 15:48:00 SELL IBM   170324C00182500
2017-03-29 15:49:00 SELL IBM   170324C00182500
2017-03-29 15:50:00 SELL IBM   170324C00182500
2017-03-29 15:51:00 SELL IBM   170324C00182500
2017-03-29 15:52:00 SELL IBM   170324C00182500
2017-03-29 15:53:00 SELL IBM   170324C00182500
2017-03-29 15:54:00 SELL IBM   170324C00182500
2017-03-29 15:55:00 SELL IBM   170324C00182500
2017-03-29 15:56:00 SELL IBM   170324C00182500
2017-03-29 15:57:00 SELL IBM   170324C00182500
2017-03-29 15:58:00 SELL IBM   170324C00182500
2017-03-29 15:59:00 SELL IBM   170324C00182500
2017-03-29 16:00:00 SELL IBM   170324C00182500
2017-03-30 09:31:00 SELL IBM   170324C00182500
2017-03-30 09:32:00 SELL IBM   170324C00182500
2017-03-30 09:33:00 SELL IBM   170324C00182500
2017-03-30 09:34:00 SELL IBM   170324C00182500
2017-03-30 09:35:00 SELL IBM   170324C00182500
2017-03-30 09:36:00 SELL IBM   170324C00182500
2017-03-30 09:37:00 SELL IBM   170324C00182500
2017-03-30 09:38:00 SELL IBM   170324C00182500
2017-03-30 09:39:00 SELL IBM   170324C00182500
2017-03-30 09:40:00 SELL IBM   170324C00182500
2017-03-30 09:41:00 SELL IBM   170324C00182500
2017-03-30 09:42:00 SELL IBM   170324C00182500
2017-03-30 09:43:00 SELL IBM   170324C00182500
2017-03-30 09:44:00 SELL IBM   170324C00182500
2017-03-30 09:45:00 SELL IBM   170324C00182500
2017-03-30 09:46:00 SELL IBM   170324C00182500
2017-03-30 09:47:00 SELL IBM   170324C00182500
2017-03-30 09:48:00 SELL IBM   170324C00182500
2017-03-30 09:49:00 SELL IBM   170324C00182500
2017-03-30 09:50:00 SELL IBM   170324C00182500
2017-03-30 09:51:00 SELL IBM   170324C00182500
2017-03-30 09:52:00 SELL IBM   170324C00182500
2017-03-30 09:53:00 SELL IBM   170324C00182500
2017-03-30 09:54:00 SELL IBM   170324C00182500
2017-03-30 09:55:00 SELL IBM   170324C00182500
2017-03-30 09:56:00 SELL IBM   170324C00182500
2017-03-30 09:57:00 SELL IBM   170324C00182500
2017-03-30 09:58:00 SELL IBM   170324C00182500
2017-03-30 09:59:00 SELL IBM   170324C00182500
2017-03-30 10:00:00 SELL IBM   170324C00182500
2017-03-30 10:01:00 SELL IBM   170324C00182500
2017-03-30 10:02:00 SELL IBM   170324C00182500
2017-03-30 10:03:00 SELL IBM   170324C00182500
2017-03-30 10:04:00 SELL IBM   170324C00182500
2017-03-30 10:05:00 SELL IBM   170324C00182500
2017-03-30 10:06:00 SELL IBM   170324C00182500
2017-03-30 10:07:00 SELL IBM   170324C00182500
2017-03-30 10:08:00 SELL IBM   170324C00182500
2017-03-30 10:09:00 SELL IBM   170324C00182500
2017-03-30 10:10:00 SELL IBM   170324C00182500
2017-03-30 10:11:00 SELL IBM   170324C00182500
2017-03-30 10:12:00 SELL IBM   170324C00182500
2017-03-30 10:13:00 SELL IBM   170324C00182500
2017-03-30 10:14:00 SELL IBM   170324C00182500
2017-03-30 10:15:00 SELL IBM   170324C00182500
2017-03-30 10:16:00 SELL IBM   170324C00182500
2017-03-30 10:17:00 SELL IBM   170324C00182500
2017-03-30 10:18:00 SELL IBM   170324C00182500
2017-03-30 10:19:00 SELL IBM   170324C00182500
2017-03-30 10:20:00 SELL IBM   170324C00182500
2017-03-30 10:21:00 SELL IBM   170324C00182500
2017-03-30 10:22:00 SELL IBM   170324C00182500
2017-03-30 10:23:00 SELL IBM   170324C00182500
2017-03-30 10:24:00 SELL IBM   170324C00182500
2017-03-30 10:25:00 SELL IBM   170324C00182500
2017-03-30 10:26:00 SELL IBM   170324C00182500
2017-03-30 10:27:00 SELL IBM   170324C00182500
2017-03-30 10:28:00 SELL IBM   170324C00182500
2017-03-30 10:29:00 SELL IBM   170324C00182500
2017-03-30 10:30:00 SELL IBM   170324C00182500
2017-03-30 10:31:00 SELL IBM   170324C00182500
2017-03-30 10:32:00 SELL IBM   170324C00182500
2017-03-30 10:33:00 SELL IBM   170324C00182500
2017-03-30 10:34:00 SELL IBM   170324C00182500
2017-03-30 10:35:00 SELL IBM   170324C00182500
2017-03-30 10:36:00 SELL IBM   170324C00182500
2017-03-30 10:37:00 SELL IBM   170324C00182500
2017-03-30 10:38:00 SELL IBM   170324C00182500
2017-03-30 10:39:00 SELL IBM   170324C00182500
2017-03-30 10:40:00 SELL IBM   170324C00182500
2017-03-30 10:41:00 SELL IBM   170324C00182500
2017-03-30 10:42:00 SELL IBM   170324C00182500
2017-03-30 10:43:00 SELL IBM   170324C00182500
2017-03-30 10:44:00 SELL IBM   170324C00182500
2017-03-30 10:45:00 SELL IBM   170324C00182500
2017-03-30 10:46:00 SELL IBM   170324C00182500
2017-03-30 10:47:00 SELL IBM   170324C00182500
2017-03-30 10:48:00 SELL IBM   170324C00182500
2017-03-30 10:49:00 SELL IBM   170324C00182500
2017-03-30 10:50:00 SELL IBM   170324C00182500
2017-03-30 10:51:00 SELL IBM   170324C00182500
2017-03-30 10:52:00 SELL IBM   170324C00182500
2017-03-30 10:53:00 SELL IBM   170324C00182500
2017-03-30 10:54:00 SELL IBM   170324C00182500
2017-03-30 10:55:00 SELL IBM   170324C00182500
2017-03-30 10:56:00 SELL IBM   170324C00182500
2017-03-30 10:57:00 SELL IBM   170324C00182500
2017-03-30 10:58:00 SELL IBM   170324C00182500
2017-03-30 10:59:00 SELL IBM   170324C00182500
2017-03-30 11:00:00 SELL IBM   170324C00182500
2017-03-30 11:01:00 SELL IBM   170324C00182500
2017-03-30 11:02:00 SELL IBM   170324C00182500
2017-03-30 11:03:00 SELL IBM   170324C00182500
2017-03-30 11:04:00 SELL IBM   170324C00182500
2017-03-30 11:05:00 SELL IBM   170324C00182500
2017-03-30 11:06:00 SELL IBM   170324C00182500
2017-03-30 11:07:00 SELL IBM   170324C00182500
2017-03-30 11:08:00 SELL IBM   170324C00182500
2017-03-30 11:09:00 SELL IBM   170324C00182500
2017-03-30 11:10:00 SELL IBM   170324C00182500
2017-03-30 11:11:00 SELL IBM   170324C00182500
2017-03-30 11:12:00 SELL IBM   170324C00182500
2017-03-30 11:13:00 SELL IBM   170324C00182500
2017-03-30 11:14:00 SELL IBM   170324C00182500
2017-03-30 11:15:00 SELL IBM   170324C00182500
2017-03-30 11:16:00 SELL IBM   170324C00182500
2017-03-30 11:17:00 SELL IBM   170324C00182500
2017-03-30 11:18:00 SELL IBM   170324C00182500
2017-03-30 11:19:00 SELL IBM   170324C00182500
2017-03-30 11:20:00 SELL IBM   170324C00182500
2017-03-30 11:21:00 SELL IBM   170324C00182500
2017-03-30 11:22:00 SELL IBM   170324C00182500
2017-03-30 11:23:00 SELL IBM   170324C00182500
2017-03-30 11:24:00 SELL IBM   170324C00182500
2017-03-30 11:25:00 SELL IBM   170324C00182500
2017-03-30 11:26:00 SELL IBM   170324C00182500
2017-03-30 11:27:00 SELL IBM   170324C00182500
2017-03-30 11:28:00 SELL IBM   170324C00182500
2017-03-30 11:29:00 SELL IBM   170324C00182500
2017-03-30 11:30:00 SELL IBM   170324C00182500
2017-03-30 11:31:00 SELL IBM   170324C00182500
2017-03-30 11:32:00 SELL IBM   170324C00182500
2017-03-30 11:33:00 SELL IBM   170324C00182500
2017-03-30 11:34:00 SELL IBM   170324C00182500
2017-03-30 11:35:00 SELL IBM   170324C00182500
2017-03-30 11:36:00 SELL IBM   170324C00182500
2017-03-30 11:37:00 SELL IBM   170324C00182500
2017-03-30 11:38:00 SELL IBM   170324C00182500
2017-03-30 11:39:00 SELL IBM   170324C00182500
2017-03-30 11:40:00 SELL IBM   170324C00182500
2017-03-30 11:41:00 SELL IBM   170324C00182500
2017-03-30 11:42:00 SELL IBM   170324C00182500
2017-03-30 11:43:00 SELL IBM   170324C00182500
2017-03-30 11:44:00 SELL IBM   170324C00182500
2017-03-30 11:45:00 SELL IBM   170324C00182500
2017-03-30 11:46:00 SELL IBM   170324C00182500
2017-03-30 11:47:00 SELL IBM   170324C00182500
2017-03-30 11:48:00 SELL IBM   170324C00182500
2017-03-30 11:49:00 SELL IBM   170324C00182500
2017-03-30 11:50:00 SELL IBM   170324C00182500
2017-03-30 11:51:00 SELL IBM   170324C00182500
2017-03-30 11:52:00 SELL IBM   170324C00182500
2017-03-30 11:53:00 SELL IBM   170324C00182500
2017-03-30 11:54:00 SELL IBM   170324C00182500
2017-03-30 11:55:00 SELL IBM   170324C00182500
2017-03-30 11:56:00 SELL IBM   170324C00182500
2017-03-30 11:57:00 SELL IBM   170324C00182500
2017-03-30 11:58:00 SELL IBM   170324C00182500
2017-03-30 11:59:00 SELL IBM   170324C00182500
2017-03-30 12:00:00 SELL IBM   170324C00182500
2017-03-30 12:01:00 SELL IBM   170324C00182500
2017-03-30 12:02:00 SELL IBM   170324C00182500
2017-03-30 12:03:00 SELL IBM   170324C00182500
2017-03-30 12:04:00 SELL IBM   170324C00182500
2017-03-30 12:05:00 SELL IBM   170324C00182500
2017-03-30 12:06:00 SELL IBM   170324C00182500
2017-03-30 12:07:00 SELL IBM   170324C00182500
2017-03-30 12:08:00 SELL IBM   170324C00182500
2017-03-30 12:09:00 SELL IBM   170324C00182500
2017-03-30 12:10:00 SELL IBM   170324C00182500
2017-03-30 12:11:00 SELL IBM   170324C00182500
2017-03-30 12:12:00 SELL IBM   170324C00182500
2017-03-30 12:13:00 SELL IBM   170324C00182500
2017-03-30 12:14:00 SELL IBM   170324C00182500
2017-03-30 12:15:00 SELL IBM   170324C00182500
2017-03-30 12:16:00 SELL IBM   170324C00182500
2017-03-30 12:17:00 SELL IBM   170324C00182500
2017-03-30 12:18:00 SELL IBM   170324C00182500
2017-03-30 12:19:00 SELL IBM   170324C00182500
2017-03-30 12:20:00 SELL IBM   170324C00182500
2017-03-30 12:21:00 SELL IBM   170324C00182500
2017-03-30 12:22:00 SELL IBM   170324C00182500
2017-03-30 12:23:00 SELL IBM   170324C00182500
2017-03-30 12:24:00 SELL IBM   170324C00182500
2017-03-30 12:25:00 SELL IBM   170324C00182500
2017-03-30 12:26:00 SELL IBM   170324C00182500
2017-03-30 12:27:00 SELL IBM   170324C00182500
2017-03-30 12:28:00 SELL IBM   170324C00182500
2017-03-30 12:29:00 SELL IBM   170324C00182500
2017-03-30 12:30:00 SELL IBM   170324C00182500
2017-03-30 12:31:00 SELL IBM   170324C00182500
2017-03-30 12:32:00 SELL IBM   170324C00182500
2017-03-30 12:33:00 SELL IBM   170324C00182500
2017-03-30 12:34:00 SELL IBM   170324C00182500
2017-03-30 12:35:00 SELL IBM   170324C00182500
2017-03-30 12:36:00 SELL IBM   170324C00182500
2017-03-30 12:37:00 SELL IBM   170324C00182500
2017-03-30 12:38:00 SELL IBM   170324C00182500
2017-03-30 12:39:00 SELL IBM   170324C00182500
2017-03-30 12:40:00 SELL IBM   170324C00182500
2017-03-30 12:41:00 SELL IBM   170324C00182500
2017-03-30 12:42:00 SELL IBM   170324C00182500
2017-03-30 12:43:00 SELL IBM   170324C00182500
2017-03-30 12:44:00 SELL IBM   170324C00182500
2017-03-30 12:45:00 SELL IBM   170324C00182500
2017-03-30 12:46:00 SELL IBM   170324C00182500
2017-03-30 12:47:00 SELL IBM   170324C00182500
2017-03-30 12:48:00 SELL IBM   170324C00182500
2017-03-30 12:49:00 SELL IBM   170324C00182500
2017-03-30 12:50:00 SELL IBM   170324C00182500
2017-03-30 12:51:00 SELL IBM   170324C00182500
2017-03-30 12:52:00 SELL IBM   170324C00182500
2017-03-30 12:53:00 SELL IBM   170324C00182500
2017-03-30 12:54:00 SELL IBM   170324C00182500
2017-03-30 12:55:00 SELL IBM   170324C00182500
2017-03-30 12:56:00 SELL IBM   170324C00182500
2017-03-30 12:57:00 SELL IBM   170324C00182500
2017-03-30 12:58:00 SELL IBM   170324C00182500
2017-03-30 12:59:00 SELL IBM   170324C00182500
2017-03-30 13:00:00 SELL IBM   170324C00182500
2017-03-30 13:01:00 SELL IBM   170324C00182500
2017-03-30 13:02:00 SELL IBM   170324C00182500
2017-03-30 13:03:00 SELL IBM   170324C00182500
2017-03-30 13:04:00 SELL IBM   170324C00182500
2017-03-30 13:05:00 SELL IBM   170324C00182500
2017-03-30 13:06:00 SELL IBM   170324C00182500
2017-03-30 13:07:00 SELL IBM   170324C00182500
2017-03-30 13:08:00 SELL IBM   170324C00182500
2017-03-30 13:09:00 SELL IBM   170324C00182500
2017-03-30 13:10:00 SELL IBM   170324C00182500
2017-03-30 13:11:00 SELL IBM   170324C00182500
2017-03-30 13:12:00 SELL IBM   170324C00182500
2017-03-30 13:13:00 SELL IBM   170324C00182500
2017-03-30 13:14:00 SELL IBM   170324C00182500
2017-03-30 13:15:00 SELL IBM   170324C00182500
2017-03-30 13:16:00 SELL IBM   170324C00182500
2017-03-30 13:17:00 SELL IBM   170324C00182500
2017-03-30 13:18:00 SELL IBM   170324C00182500
2017-03-30 13:19:00 SELL IBM   170324C00182500
2017-03-30 13:20:00 SELL IBM   170324C00182500
2017-03-30 13:21:00 SELL IBM   170324C00182500
2017-03-30 13:22:00 SELL IBM   170324C00182500
2017-03-30 13:23:00 SELL IBM   170324C00182500
2017-03-30 13:24:00 SELL IBM   170324C00182500
2017-03-30 13:25:00 SELL IBM   170324C00182500
2017-03-30 13:26:00 SELL IBM   170324C00182500
2017-03-30 13:27:00 SELL IBM   170324C00182500
2017-03-30 13:28:00 SELL IBM   170324C00182500
2017-03-30 13:29:00 SELL IBM   170324C00182500
2017-03-30 13:30:00 SELL IBM   170324C00182500
2017-03-30 13:31:00 SELL IBM   170324C00182500
2017-03-30 13:32:00 SELL IBM   170324C00182500
2017-03-30 13:33:00 SELL IBM   170324C00182500
2017-03-30 13:34:00 SELL IBM   170324C00182500
2017-03-30 13:35:00 SELL IBM   170324C00182500
2017-03-30 13:36:00 SELL IBM   170324C00182500
2017-03-30 13:37:00 SELL IBM   170324C00182500
2017-03-30 13:38:00 SELL IBM   170324C00182500
2017-03-30 13:39:00 SELL IBM   170324C00182500
2017-03-30 13:40:00 SELL IBM   170324C00182500
2017-03-30 13:41:00 SELL IBM   170324C00182500
2017-03-30 13:42:00 SELL IBM   170324C00182500
2017-03-30 13:43:00 SELL IBM   170324C00182500
2017-03-30 13:44:00 SELL IBM   170324C00182500
2017-03-30 13:45:00 SELL IBM   170324C00182500
2017-03-30 13:46:00 SELL IBM   170324C00182500
2017-03-30 13:47:00 SELL IBM   170324C00182500
2017-03-30 13:48:00 SELL IBM   170324C00182500
2017-03-30 13:49:00 SELL IBM   170324C00182500
2017-03-30 13:50:00 SELL IBM   170324C00182500
2017-03-30 13:51:00 SELL IBM   170324C00182500
2017-03-30 13:52:00 SELL IBM   170324C00182500
2017-03-30 13:53:00 SELL IBM   170324C00182500
2017-03-30 13:54:00 SELL IBM   170324C00182500
2017-03-30 13:55:00 SELL IBM   170324C00182500
2017-03-30 13:56:00 SELL IBM   170324C00182500
2017-03-30 13:57:00 SELL IBM   170324C00182500
2017-03-30 13:58:00 SELL IBM   170324C00182500
2017-03-30 13:59:00 SELL IBM   170324C00182500
2017-03-30 14:00:00 SELL IBM   170324C00182500
2017-03-30 14:01:00 SELL IBM   170324C00182500
2017-03-30 14:02:00 SELL IBM   170324C00182500
2017-03-30 14:03:00 SELL IBM   170324C00182500
2017-03-30 14:04:00 SELL IBM   170324C00182500
2017-03-30 14:05:00 SELL IBM   170324C00182500
2017-03-30 14:06:00 SELL IBM   170324C00182500
2017-03-30 14:07:00 SELL IBM   170324C00182500
2017-03-30 14:08:00 SELL IBM   170324C00182500
2017-03-30 14:09:00 SELL IBM   170324C00182500
2017-03-30 14:10:00 SELL IBM   170324C00182500
2017-03-30 14:11:00 SELL IBM   170324C00182500
2017-03-30 14:12:00 SELL IBM   170324C00182500
2017-03-30 14:13:00 SELL IBM   170324C00182500
2017-03-30 14:14:00 SELL IBM   170324C00182500
2017-03-30 14:15:00 SELL IBM   170324C00182500
2017-03-30 14:16:00 SELL IBM   170324C00182500
2017-03-30 14:17:00 SELL IBM   170324C00182500
2017-03-30 14:18:00 SELL IBM   170324C00182500
2017-03-30 14:19:00 SELL IBM   170324C00182500
2017-03-30 14:20:00 SELL IBM   170324C00182500
2017-03-30 14:21:00 SELL IBM   170324C00182500
2017-03-30 14:22:00 SELL IBM   170324C00182500
2017-03-30 14:23:00 SELL IBM   170324C00182500
2017-03-30 14:24:00 SELL IBM   170324C00182500
2017-03-30 14:25:00 SELL IBM   170324C00182500
2017-03-30 14:26:00 SELL IBM   170324C00182500
2017-03-30 14:27:00 SELL IBM   170324C00182500
2017-03-30 14:28:00 SELL IBM   170324C00182500
2017-03-30 14:29:00 SELL IBM   170324C00182500
2017-03-30 14:30:00 SELL IBM   170324C00182500
2017-03-30 14:31:00 SELL IBM   170324C00182500
2017-03-30 14:32:00 SELL IBM   170324C00182500
2017-03-30 14:33:00 SELL IBM   170324C00182500
2017-03-30 14:34:00 SELL IBM   170324C00182500
2017-03-30 14:35:00 SELL IBM   170324C00182500
2017-03-30 14:36:00 SELL IBM   170324C00182500
2017-03-30 14:37:00 SELL IBM   170324C00182500
2017-03-30 14:38:00 SELL IBM   170324C00182500
2017-03-30 14:39:00 SELL IBM   170324C00182500
2017-03-30 14:40:00 SELL IBM   170324C00182500
2017-03-30 14:41:00 SELL IBM   170324C00182500
2017-03-30 14:42:00 SELL IBM   170324C00182500
2017-03-30 14:43:00 SELL IBM   170324C00182500
2017-03-30 14:44:00 SELL IBM   170324C00182500
2017-03-30 14:45:00 SELL IBM   170324C00182500
2017-03-30 14:46:00 SELL IBM   170324C00182500
2017-03-30 14:47:00 SELL IBM   170324C00182500
2017-03-30 14:48:00 SELL IBM   170324C00182500
2017-03-30 14:49:00 SELL IBM   170324C00182500
2017-03-30 14:50:00 SELL IBM   170324C00182500
2017-03-30 14:51:00 SELL IBM   170324C00182500
2017-03-30 14:52:00 SELL IBM   170324C00182500
2017-03-30 14:53:00 SELL IBM   170324C00182500
2017-03-30 14:54:00 SELL IBM   170324C00182500
2017-03-30 14:55:00 SELL IBM   170324C00182500
2017-03-30 14:56:00 SELL IBM   170324C00182500
2017-03-30 14:57:00 SELL IBM   170324C00182500
2017-03-30 14:58:00 SELL IBM   170324C00182500
2017-03-30 14:59:00 SELL IBM   170324C00182500
2017-03-30 15:00:00 SELL IBM   170324C00182500
2017-03-30 15:01:00 SELL IBM   170324C00182500
2017-03-30 15:02:00 SELL IBM   170324C00182500
2017-03-30 15:03:00 SELL IBM   170324C00182500
2017-03-30 15:04:00 SELL IBM   170324C00182500
2017-03-30 15:05:00 SELL IBM   170324C00182500
2017-03-30 15:06:00 SELL IBM   170324C00182500
2017-03-30 15:07:00 SELL IBM   170324C00182500
2017-03-30 15:08:00 SELL IBM   170324C00182500
2017-03-30 15:09:00 SELL IBM   170324C00182500
2017-03-30 15:10:00 SELL IBM   170324C00182500
2017-03-30 15:11:00 SELL IBM   170324C00182500
2017-03-30 15:12:00 SELL IBM   170324C00182500
2017-03-30 15:13:00 SELL IBM   170324C00182500
2017-03-30 15:14:00 SELL IBM   170324C00182500
2017-03-30 15:15:00 SELL IBM   170324C00182500
2017-03-30 15:16:00 SELL IBM   170324C00182500
2017-03-30 15:17:00 SELL IBM   170324C00182500
2017-03-30 15:18:00 SELL IBM   170324C00182500
2017-03-30 15:19:00 SELL IBM   170324C00182500
2017-03-30 15:20:00 SELL IBM   170324C00182500
2017-03-30 15:21:00 SELL IBM   170324C00182500
2017-03-30 15:22:00 SELL IBM   170324C00182500
2017-03-30 15:23:00 SELL IBM   170324C00182500
2017-03-30 15:24:00 SELL IBM   170324C00182500
2017-03-30 15:25:00 SELL IBM   170324C00182500
2017-03-30 15:26:00 SELL IBM   170324C00182500
2017-03-30 15:27:00 SELL IBM   170324C00182500
2017-03-30 15:28:00 SELL IBM   170324C00182500
2017-03-30 15:29:00 SELL IBM   170324C00182500
2017-03-30 15:30:00 SELL IBM   170324C00182500
2017-03-30 15:31:00 SELL IBM   170324C00182500
2017-03-30 15:32:00 SELL IBM   170324C00182500
2017-03-30 15:33:00 SELL IBM   170324C00182500
2017-03-30 15:34:00 SELL IBM   170324C00182500
2017-03-30 15:35:00 SELL IBM   170324C00182500
2017-03-30 15:36:00 SELL IBM   170324C00182500
2017-03-30 15:37:00 SELL IBM   170324C00182500
2017-03-30 15:38:00 SELL IBM   170324C00182500
2017-03-30 15:39:00 SELL IBM   170324C00182500
2017-03-30 15:40:00 SELL IBM   170324C00182500
2017-03-30 15:41:00 SELL IBM   170324C00182500
2017-03-30 15:42:00 SELL IBM   170324C00182500
2017-03-30 15:43:00 SELL IBM   170324C00182500
2017-03-30 15:44:00 SELL IBM   170324C00182500
2017-03-30 15:45:00 SELL IBM   170324C00182500
2017-03-30 15:46:00 SELL IBM   170324C00182500
2017-03-30 15:47:00 SELL IBM   170324C00182500
2017-03-30 15:48:00 SELL IBM   170324C00182500
2017-03-30 15:49:00 SELL IBM   170324C00182500
2017-03-30 15:50:00 SELL IBM   170324C00182500
2017-03-30 15:51:00 SELL IBM   170324C00182500
2017-03-30 15:52:00 SELL IBM   170324C00182500
2017-03-30 15:53:00 SELL IBM   170324C00182500
2017-03-30 15:54:00 SELL IBM   170324C00182500
2017-03-30 15:55:00 SELL IBM   170324C00182500
2017-03-30 15:56:00 SELL IBM   170324C00182500
2017-03-30 15:57:00 SELL IBM   170324C00182500
2017-03-30 15:58:00 SELL IBM   170324C00182500
2017-03-30 15:59:00 SELL IBM   170324C00182500
2017-03-30 16:00:00 SELL IBM   170324C00182500
2017-03-31 09:31:00 SELL IBM   170324C00182500
2017-03-31 09:32:00 SELL IBM   170324C00182500
2017-03-31 09:33:00 SELL IBM   170324C00182500
2017-03-31 09:34:00 SELL IBM   170324C00182500
2017-03-31 09:35:00 SELL IBM   170324C00182500
2017-03-31 09:36:00 SELL IBM   170324C00182500
2017-03-31 09:37:00 SELL IBM   170324C00182500
2017-03-31 09:38:00 SELL IBM   170324C00182500
2017-03-31 09:39:00 SELL IBM   170324C00182500
2017-03-31 09:40:00 SELL IBM   170324C00182500
2017-03-31 09:41:00 SELL IBM   170324C00182500
2017-03-31 09:42:00 SELL IBM   170324C00182500
2017-03-31 09:43:00 SELL IBM   170324C00182500
2017-03-31 09:44:00 SELL IBM   170324C00182500
2017-03-31 09:45:00 SELL IBM   170324C00182500
2017-03-31 09:46:00 SELL IBM   170324C00182500
2017-03-31 09:47:00 SELL IBM   170324C00182500
2017-03-31 09:48:00 SELL IBM   170324C00182500
2017-03-31 09:49:00 SELL IBM   170324C00182500
2017-03-31 09:50:00 SELL IBM   170324C00182500
2017-03-31 09:51:00 SELL IBM   170324C00182500
2017-03-31 09:52:00 SELL IBM   170324C00182500
2017-03-31 09:53:00 SELL IBM   170324C00182500
2017-03-31 09:54:00 SELL IBM   170324C00182500
2017-03-31 09:55:00 SELL IBM   170324C00182500
2017-03-31 09:56:00 SELL IBM   170324C00182500
2017-03-31 09:57:00 SELL IBM   170324C00182500
2017-03-31 09:58:00 SELL IBM   170324C00182500
2017-03-31 09:59:00 SELL IBM   170324C00182500
2017-03-31 10:00:00 SELL IBM   170324C00182500
2017-03-31 10:01:00 SELL IBM   170324C00182500
2017-03-31 10:02:00 SELL IBM   170324C00182500
2017-03-31 10:03:00 SELL IBM   170324C00182500
2017-03-31 10:04:00 SELL IBM   170324C00182500
2017-03-31 10:05:00 SELL IBM   170324C00182500
2017-03-31 10:06:00 SELL IBM   170324C00182500
2017-03-31 10:07:00 SELL IBM   170324C00182500
2017-03-31 10:08:00 SELL IBM   170324C00182500
2017-03-31 10:09:00 SELL IBM   170324C00182500
2017-03-31 10:10:00 SELL IBM   170324C00182500
2017-03-31 10:11:00 SELL IBM   170324C00182500
2017-03-31 10:12:00 SELL IBM   170324C00182500
2017-03-31 10:13:00 SELL IBM   170324C00182500
2017-03-31 10:14:00 SELL IBM   170324C00182500
2017-03-31 10:15:00 SELL IBM   170324C00182500
2017-03-31 10:16:00 SELL IBM   170324C00182500
2017-03-31 10:17:00 SELL IBM   170324C00182500
2017-03-31 10:18:00 SELL IBM   170324C00182500
2017-03-31 10:19:00 SELL IBM   170324C00182500
2017-03-31 10:20:00 SELL IBM   170324C00182500
2017-03-31 10:21:00 SELL IBM   170324C00182500
2017-03-31 10:22:00 SELL IBM   170324C00182500
2017-03-31 10:23:00 SELL IBM   170324C00182500
2017-03-31 10:24:00 SELL IBM   170324C00182500
2017-03-31 10:25:00 SELL IBM   170324C00182500
2017-03-31 10:26:00 SELL IBM   170324C00182500
2017-03-31 10:27:00 SELL IBM   170324C00182500
2017-03-31 10:28:00 SELL IBM   170324C00182500
2017-03-31 10:29:00 SELL IBM   170324C00182500
2017-03-31 10:30:00 SELL IBM   170324C00182500
2017-03-31 10:31:00 SELL IBM   170324C00182500
2017-03-31 10:32:00 SELL IBM   170324C00182500
2017-03-31 10:33:00 SELL IBM   170324C00182500
2017-03-31 10:34:00 SELL IBM   170324C00182500
2017-03-31 10:35:00 SELL IBM   170324C00182500
2017-03-31 10:36:00 SELL IBM   170324C00182500
2017-03-31 10:37:00 SELL IBM   170324C00182500
2017-03-31 10:38:00 SELL IBM   170324C00182500
2017-03-31 10:39:00 SELL IBM   170324C00182500
2017-03-31 10:40:00 SELL IBM   170324C00182500
2017-03-31 10:41:00 SELL IBM   170324C00182500
2017-03-31 10:42:00 SELL IBM   170324C00182500
2017-03-31 10:43:00 SELL IBM   170324C00182500
2017-03-31 10:44:00 SELL IBM   170324C00182500
2017-03-31 10:45:00 SELL IBM   170324C00182500
2017-03-31 10:46:00 SELL IBM   170324C00182500
2017-03-31 10:47:00 SELL IBM   170324C00182500
2017-03-31 10:48:00 SELL IBM   170324C00182500
2017-03-31 10:49:00 SELL IBM   170324C00182500
2017-03-31 10:50:00 SELL IBM   170324C00182500
2017-03-31 10:51:00 SELL IBM   170324C00182500
2017-03-31 10:52:00 SELL IBM   170324C00182500
2017-03-31 10:53:00 SELL IBM   170324C00182500
2017-03-31 10:54:00 SELL IBM   170324C00182500
2017-03-31 10:55:00 SELL IBM   170324C00182500
2017-03-31 10:56:00 SELL IBM   170324C00182500
2017-03-31 10:57:00 SELL IBM   170324C00182500
2017-03-31 10:58:00 SELL IBM   170324C00182500
2017-03-31 10:59:00 SELL IBM   170324C00182500
2017-03-31 11:00:00 SELL IBM   170324C00182500
2017-03-31 11:01:00 SELL IBM   170324C00182500
2017-03-31 11:02:00 SELL IBM   170324C00182500
2017-03-31 11:03:00 SELL IBM   170324C00182500
2017-03-31 11:04:00 SELL IBM   170324C00182500
2017-03-31 11:05:00 SELL IBM   170324C00182500
2017-03-31 11:06:00 SELL IBM   170324C00182500
2017-03-31 11:07:00 SELL IBM   170324C00182500
2017-03-31 11:08:00 SELL IBM   170324C00182500
2017-03-31 11:09:00 SELL IBM   170324C00182500
2017-03-31 11:10:00 SELL IBM   170324C00182500
2017-03-31 11:11:00 SELL IBM   170324C00182500
2017-03-31 11:12:00 SELL IBM   170324C00182500
2017-03-31 11:13:00 SELL IBM   170324C00182500
2017-03-31 11:14:00 SELL IBM   170324C00182500
2017-03-31 11:15:00 SELL IBM   170324C00182500
2017-03-31 11:16:00 SELL IBM   170324C00182500
2017-03-31 11:17:00 SELL IBM   170324C00182500
2017-03-31 11:18:00 SELL IBM   170324C00182500
2017-03-31 11:19:00 SELL IBM   170324C00182500
2017-03-31 11:20:00 SELL IBM   170324C00182500
2017-03-31 11:21:00 SELL IBM   170324C00182500
2017-03-31 11:22:00 SELL IBM   170324C00182500
2017-03-31 11:23:00 SELL IBM   170324C00182500
2017-03-31 11:24:00 SELL IBM   170324C00182500
2017-03-31 11:25:00 SELL IBM   170324C00182500
2017-03-31 11:26:00 SELL IBM   170324C00182500
2017-03-31 11:27:00 SELL IBM   170324C00182500
2017-03-31 11:28:00 SELL IBM   170324C00182500
2017-03-31 11:29:00 SELL IBM   170324C00182500
2017-03-31 11:30:00 SELL IBM   170324C00182500
2017-03-31 11:31:00 SELL IBM   170324C00182500
2017-03-31 11:32:00 SELL IBM   170324C00182500
2017-03-31 11:33:00 SELL IBM   170324C00182500
2017-03-31 11:34:00 SELL IBM   170324C00182500
2017-03-31 11:35:00 SELL IBM   170324C00182500
2017-03-31 11:36:00 SELL IBM   170324C00182500
2017-03-31 11:37:00 SELL IBM   170324C00182500
2017-03-31 11:38:00 SELL IBM   170324C00182500
2017-03-31 11:39:00 SELL IBM   170324C00182500
2017-03-31 11:40:00 SELL IBM   170324C00182500
2017-03-31 11:41:00 SELL IBM   170324C00182500
2017-03-31 11:42:00 SELL IBM   170324C00182500
2017-03-31 11:43:00 SELL IBM   170324C00182500
2017-03-31 11:44:00 SELL IBM   170324C00182500
2017-03-31 11:45:00 SELL IBM   170324C00182500
2017-03-31 11:46:00 SELL IBM   170324C00182500
2017-03-31 11:47:00 SELL IBM   170324C00182500
2017-03-31 11:48:00 SELL IBM   170324C00182500
2017-03-31 11:49:00 SELL IBM   170324C00182500
2017-03-31 11:50:00 SELL IBM   170324C00182500
2017-03-31 11:51:00 SELL IBM   170324C00182500
2017-03-31 11:52:00 SELL IBM   170324C00182500
2017-03-31 11:53:00 SELL IBM   170324C00182500
2017-03-31 11:54:00 SELL IBM   170324C00182500
2017-03-31 11:55:00 SELL IBM   170324C00182500
2017-03-31 11:56:00 SELL IBM   170324C00182500
2017-03-31 11:57:00 SELL IBM   170324C00182500
2017-03-31 11:58:00 SELL IBM   170324C00182500
2017-03-31 11:59:00 SELL IBM   170324C00182500
2017-03-31 12:00:00 SELL IBM   170324C00182500
2017-03-31 12:01:00 SELL IBM   170324C00182500
2017-03-31 12:02:00 SELL IBM   170324C00182500
2017-03-31 12:03:00 SELL IBM   170324C00182500
2017-03-31 12:04:00 SELL IBM   170324C00182500
2017-03-31 12:05:00 SELL IBM   170324C00182500
2017-03-31 12:06:00 SELL IBM   170324C00182500
2017-03-31 12:07:00 SELL IBM   170324C00182500
2017-03-31 12:08:00 SELL IBM   170324C00182500
2017-03-31 12:09:00 SELL IBM   170324C00182500
2017-03-31 12:10:00 SELL IBM   170324C00182500
2017-03-31 12:11:00 SELL IBM   170324C00182500
2017-03-31 12:12:00 SELL IBM   170324C00182500
2017-03-31 12:13:00 SELL IBM   170324C00182500
2017-03-31 12:14:00 SELL IBM   170324C00182500
2017-03-31 12:15:00 SELL IBM   170324C00182500
2017-03-31 12:16:00 SELL IBM   170324C00182500
2017-03-31 12:17:00 SELL IBM   170324C00182500
2017-03-31 12:18:00 SELL IBM   170324C00182500
2017-03-31 12:19:00 SELL IBM   170324C00182500
2017-03-31 12:20:00 SELL IBM   170324C00182500
2017-03-31 12:21:00 SELL IBM   170324C00182500
2017-03-31 12:22:00 SELL IBM   170324C00182500
2017-03-31 12:23:00 SELL IBM   170324C00182500
2017-03-31 12:24:00 SELL IBM   170324C00182500
2017-03-31 12:25:00 SELL IBM   170324C00182500
2017-03-31 12:26:00 SELL IBM   170324C00182500
2017-03-31 12:27:00 SELL IBM   170324C00182500
2017-03-31 12:28:00 SELL IBM   170324C00182500
2017-03-31 12:29:00 SELL IBM   170324C00182500
2017-03-31 12:30:00 SELL IBM   170324C00182500
2017-03-31 12:31:00 SELL IBM   170324C00182500
2017-03-31 12:32:00 SELL IBM   170324C00182500
2017-03-31 12:33:00 SELL IBM   170324C00182500
2017-03-31 12:34:00 SELL IBM   170324C00182500
2017-03-31 12:35:00 SELL IBM   170324C00182500
2017-03-31 12:36:00 SELL IBM   170324C00182500
2017-03-31 12:37:00 SELL IBM   170324C00182500
2017-03-31 12:38:00 SELL IBM   170324C00182500
2017-03-31 12:39:00 SELL IBM   170324C00182500
2017-03-31 12:40:00 SELL IBM   170324C00182500
2017-03-31 12:41:00 SELL IBM   170324C00182500
2017-03-31 12:42:00 SELL IBM   170324C00182500
2017-03-31 12:43:00 SELL IBM   170324C00182500
2017-03-31 12:44:00 SELL IBM   170324C00182500
2017-03-31 12:45:00 SELL IBM   170324C00182500
2017-03-31 12:46:00 SELL IBM   170324C00182500
2017-03-31 12:47:00 SELL IBM   170324C00182500
2017-03-31 12:48:00 SELL IBM   170324C00182500
2017-03-31 12:49:00 SELL IBM   170324C00182500
2017-03-31 12:50:00 SELL IBM   170324C00182500
2017-03-31 12:51:00 SELL IBM   170324C00182500
2017-03-31 12:52:00 SELL IBM   170324C00182500
2017-03-31 12:53:00 SELL IBM   170324C00182500
2017-03-31 12:54:00 SELL IBM   170324C00182500
2017-03-31 12:55:00 SELL IBM   170324C00182500
2017-03-31 12:56:00 SELL IBM   170324C00182500
2017-03-31 12:57:00 SELL IBM   170324C00182500
2017-03-31 12:58:00 SELL IBM   170324C00182500
2017-03-31 12:59:00 SELL IBM   170324C00182500
2017-03-31 13:00:00 SELL IBM   170324C00182500
2017-03-31 13:01:00 SELL IBM   170324C00182500
2017-03-31 13:02:00 SELL IBM   170324C00182500
2017-03-31 13:03:00 SELL IBM   170324C00182500
2017-03-31 13:04:00 SELL IBM   170324C00182500
2017-03-31 13:05:00 SELL IBM   170324C00182500
2017-03-31 13:06:00 SELL IBM   170324C00182500
2017-03-31 13:07:00 SELL IBM   170324C00182500
2017-03-31 13:08:00 SELL IBM   170324C00182500
2017-03-31 13:09:00 SELL IBM   170324C00182500
2017-03-31 13:10:00 SELL IBM   170324C00182500
2017-03-31 13:11:00 SELL IBM   170324C00182500
2017-03-31 13:12:00 SELL IBM   170324C00182500
2017-03-31 13:13:00 SELL IBM   170324C00182500
2017-03-31 13:14:00 SELL IBM   170324C00182500
2017-03-31 13:15:00 SELL IBM   170324C00182500
2017-03-31 13:16:00 SELL IBM   170324C00182500
2017-03-31 13:17:00 SELL IBM   170324C00182500
2017-03-31 13:18:00 SELL IBM   170324C00182500
2017-03-31 13:19:00 SELL IBM   170324C00182500
2017-03-31 13:20:00 SELL IBM   170324C00182500
2017-03-31 13:21:00 SELL IBM   170324C00182500
2017-03-31 13:22:00 SELL IBM   170324C00182500
2017-03-31 13:23:00 SELL IBM   170324C00182500
2017-03-31 13:24:00 SELL IBM   170324C00182500
2017-03-31 13:25:00 SELL IBM   170324C00182500
2017-03-31 13:26:00 SELL IBM   170324C00182500
2017-03-31 13:27:00 SELL IBM   170324C00182500
2017-03-31 13:28:00 SELL IBM   170324C00182500
2017-03-31 13:29:00 SELL IBM   170324C00182500
2017-03-31 13:30:00 SELL IBM   170324C00182500
2017-03-31 13:31:00 SELL IBM   170324C00182500
2017-03-31 13:32:00 SELL IBM   170324C00182500
2017-03-31 13:33:00 SELL IBM   170324C00182500
2017-03-31 13:34:00 SELL IBM   170324C00182500
2017-03-31 13:35:00 SELL IBM   170324C00182500
2017-03-31 13:36:00 SELL IBM   170324C00182500
2017-03-31 13:37:00 SELL IBM   170324C00182500
2017-03-31 13:38:00 SELL IBM   170324C00182500
2017-03-31 13:39:00 SELL IBM   170324C00182500
2017-03-31 13:40:00 SELL IBM   170324C00182500
2017-03-31 13:41:00 SELL IBM   170324C00182500
2017-03-31 13:42:00 SELL IBM   170324C00182500
2017-03-31 13:43:00 SELL IBM   170324C00182500
2017-03-31 13:44:00 SELL IBM   170324C00182500
2017-03-31 13:45:00 SELL IBM   170324C00182500
2017-03-31 13:46:00 SELL IBM   170324C00182500
2017-03-31 13:47:00 SELL IBM   170324C00182500
2017-03-31 13:48:00 SELL IBM   170324C00182500
2017-03-31 13:49:00 SELL IBM   170324C00182500
2017-03-31 13:50:00 SELL IBM   170324C00182500
2017-03-31 13:51:00 SELL IBM   170324C00182500
2017-03-31 13:52:00 SELL IBM   170324C00182500
2017-03-31 13:53:00 SELL IBM   170324C00182500
2017-03-31 13:54:00 SELL IBM   170324C00182500
2017-03-31 13:55:00 SELL IBM   170324C00182500
2017-03-31 13:56:00 SELL IBM   170324C00182500
2017-03-31 13:57:00 SELL IBM   170324C00182500
2017-03-31 13:58:00 SELL IBM   170324C00182500
2017-03-31 13:59:00 SELL IBM   170324C00182500
2017-03-31 14:00:00 SELL IBM   170324C00182500
2017-03-31 14:01:00 SELL IBM   170324C00182500
2017-03-31 14:02:00 SELL IBM   170324C00182500
2017-03-31 14:03:00 SELL IBM   170324C00182500
2017-03-31 14:04:00 SELL IBM   170324C00182500
2017-03-31 14:05:00 SELL IBM   170324C00182500
2017-03-31 14:06:00 SELL IBM   170324C00182500
2017-03-31 14:07:00 SELL IBM   170324C00182500
2017-03-31 14:08:00 SELL IBM   170324C00182500
2017-03-31 14:09:00 SELL IBM   170324C00182500
2017-03-31 14:10:00 SELL IBM   170324C00182500
2017-03-31 14:11:00 SELL IBM   170324C00182500
2017-03-31 14:12:00 SELL IBM   170324C00182500
2017-03-31 14:13:00 SELL IBM   170324C00182500
2017-03-31 14:14:00 SELL IBM   170324C00182500
2017-03-31 14:15:00 SELL IBM   170324C00182500
2017-03-31 14:16:00 SELL IBM   170324C00182500
2017-03-31 14:17:00 SELL IBM   170324C00182500
2017-03-31 14:18:00 SELL IBM   170324C00182500
2017-03-31 14:19:00 SELL IBM   170324C00182500
2017-03-31 14:20:00 SELL IBM   170324C00182500
2017-03-31 14:21:00 SELL IBM   170324C00182500
2017-03-31 14:22:00 SELL IBM   170324C00182500
2017-03-31 14:23:00 SELL IBM   170324C00182500
2017-03-31 14:24:00 SELL IBM   170324C00182500
2017-03-31 14:25:00 SELL IBM   170324C00182500
2017-03-31 14:26:00 SELL IBM   170324C00182500
2017-03-31 14:27:00 SELL IBM   170324C00182500
2017-03-31 14:28:00 SELL IBM   170324C00182500
2017-03-31 14:29:00 SELL IBM   170324C00182500
2017-03-31 14:30:00 SELL IBM   170324C00182500
2017-03-31 14:31:00 SELL IBM   170324C00182500
2017-03-31 14:32:00 SELL IBM   170324C00182500
2017-03-31 14:33:00 SELL IBM   170324C00182500
2017-03-31 14:34:00 SELL IBM   170324C00182500
2017-03-31 14:35:00 SELL IBM   170324C00182500
2017-03-31 14:36:00 SELL IBM   170324C00182500
2017-03-31 14:37:00 SELL IBM   170324C00182500
2017-03-31 14:38:00 SELL IBM   170324C00182500
2017-03-31 14:39:00 SELL IBM   170324C00182500
2017-03-31 14:40:00 SELL IBM   170324C00182500
2017-03-31 14:41:00 SELL IBM   170324C00182500
2017-03-31 14:42:00 SELL IBM   170324C00182500
2017-03-31 14:43:00 SELL IBM   170324C00182500
2017-03-31 14:44:00 SELL IBM   170324C00182500
2017-03-31 14:45:00 SELL IBM   170324C00182500
2017-03-31 14:46:00 SELL IBM   170324C00182500
2017-03-31 14:47:00 SELL IBM   170324C00182500
2017-03-31 14:48:00 SELL IBM   170324C00182500
2017-03-31 14:49:00 SELL IBM   170324C00182500
2017-03-31 14:50:00 SELL IBM   170324C00182500
2017-03-31 14:51:00 SELL IBM   170324C00182500
2017-03-31 14:52:00 SELL IBM   170324C00182500
2017-03-31 14:53:00 SELL IBM   170324C00182500
2017-03-31 14:54:00 SELL IBM   170324C00182500
2017-03-31 14:55:00 SELL IBM   170324C00182500
2017-03-31 14:56:00 SELL IBM   170324C00182500
2017-03-31 14:57:00 SELL IBM   170324C00182500
2017-03-31 14:58:00 SELL IBM   170324C00182500
2017-03-31 14:59:00 SELL IBM   170324C00182500
2017-03-31 15:00:00 SELL IBM   170324C00182500
2017-03-31 15:01:00 SELL IBM   170324C00182500
2017-03-31 15:02:00 SELL IBM   170324C00182500
2017-03-31 15:03:00 SELL IBM   170324C00182500
2017-03-31 15:04:00 SELL IBM   170324C00182500
2017-03-31 15:05:00 SELL IBM   170324C00182500
2017-03-31 15:06:00 SELL IBM   170324C00182500
2017-03-31 15:07:00 SELL IBM   170324C00182500
2017-03-31 15:08:00 SELL IBM   170324C00182500
2017-03-31 15:09:00 SELL IBM   170324C00182500
2017-03-31 15:10:00 SELL IBM   170324C00182500
2017-03-31 15:11:00 SELL IBM   170324C00182500
2017-03-31 15:12:00 SELL IBM   170324C00182500
2017-03-31 15:13:00 SELL IBM   170324C00182500
2017-03-31 15:14:00 SELL IBM   170324C00182500
2017-03-31 15:15:00 SELL IBM   170324C00182500
2017-03-31 15:16:00 SELL IBM   170324C00182500
2017-03-31 15:17:00 SELL IBM   170324C00182500
2017-03-31 15:18:00 SELL IBM   170324C00182500
2017-03-31 15:19:00 SELL IBM   170324C00182500
2017-03-31 15:20:00 SELL IBM   170324C00182500
2017-03-31 15:21:00 SELL IBM   170324C00182500
2017-03-31 15:22:00 SELL IBM   170324C00182500
2017-03-31 15:23:00 SELL IBM   170324C00182500
2017-03-31 15:24:00 SELL IBM   170324C00182500
2017-03-31 15:25:00 SELL IBM   170324C00182500
2017-03-31 15:26:00 SELL IBM   170324C00182500
2017-03-31 15:27:00 SELL IBM   170324C00182500
2017-03-31 15:28:00 SELL IBM   170324C00182500
2017-03-31 15:29:00 SELL IBM   170324C00182500
2017-03-31 15:30:00 SELL IBM   170324C00182500
2017-03-31 15:31:00 SELL IBM   170324C00182500
2017-03-31 15:32:00 SELL IBM   170324C00182500
2017-03-31 15:33:00 SELL IBM   170324C00182500
2017-03-31 15:34:00 SELL IBM   170324C00182500
2017-03-31 15:35:00 SELL IBM   170324C00182500
2017-03-31 15:36:00 SELL IBM   170324C00182500
2017-03-31 15:37:00 SELL IBM   170324C00182500
2017-03-31 15:38:00 SELL IBM   170324C00182500
2017-03-31 15:39:00 SELL IBM   170324C00182500
2017-03-31 15:40:00 SELL IBM   170324C00182500
2017-03-31 15:41:00 SELL IBM   170324C00182500
2017-03-31 15:42:00 SELL IBM   170324C00182500
2017-03-31 15:43:00 SELL IBM   170324C00182500
2017-03-31 15:44:00 SELL IBM   170324C00182500
2017-03-31 15:45:00 SELL IBM   170324C00182500
2017-03-31 15:46:00 SELL IBM   170324C00182500
2017-03-31 15:47:00 SELL IBM   170324C00182500
2017-03-31 15:48:00 SELL IBM   170324C00182500
2017-03-31 15:49:00 SELL IBM   170324C00182500
2017-03-31 15:50:00 SELL IBM   170324C00182500
2017-03-31 15:51:00 SELL IBM   170324C00182500
2017-03-31 15:52:00 SELL IBM   170324C00182500
2017-03-31 15:53:00 SELL IBM   170324C00182500
2017-03-31 15:54:00 SELL IBM   170324C00182500
2017-03-31 15:55:00 SELL IBM   170324C00182500
2017-03-31 15:56:00 SELL IBM   170324C00182500
2017-03-31 15:57:00 SELL IBM   170324C00182500
2017-03-31 15:58:00 SELL IBM   170324C00182500
2017-03-31 15:59:00 SELL IBM   170324C00182500
2017-03-31 16:00:00 SELL IBM   170324C00182500
2017-03-31 16:00:00 Algorithm Id:(df9376a8a02e2ecf031e8a955721c756) completed in 2.86 seconds at 40k data points per second. Processing total of 115,348 data points.
